{"K:\\coding\\Avinya\\Backend\\app.js": {"path":"K:\\coding\\Avinya\\Backend\\app.js","statementMap":{"0":{"start":{"line":1,"column":13},"end":{"line":1,"column":28}},"1":{"start":{"line":2,"column":13},"end":{"line":2,"column":28}},"2":{"start":{"line":3,"column":0},"end":{"line":3,"column":26}},"3":{"start":{"line":4,"column":13},"end":{"line":4,"column":28}},"4":{"start":{"line":5,"column":14},"end":{"line":5,"column":30}},"5":{"start":{"line":6,"column":17},"end":{"line":6,"column":36}},"6":{"start":{"line":8,"column":16},"end":{"line":8,"column":34}},"7":{"start":{"line":9,"column":19},"end":{"line":9,"column":41}},"8":{"start":{"line":11,"column":17},"end":{"line":11,"column":37}},"9":{"start":{"line":13,"column":15},"end":{"line":13,"column":41}},"10":{"start":{"line":15,"column":19},"end":{"line":15,"column":43}},"11":{"start":{"line":16,"column":20},"end":{"line":16,"column":47}},"12":{"start":{"line":17,"column":18},"end":{"line":17,"column":46}},"13":{"start":{"line":18,"column":19},"end":{"line":18,"column":49}},"14":{"start":{"line":19,"column":18},"end":{"line":19,"column":44}},"15":{"start":{"line":23,"column":19},"end":{"line":23,"column":32}},"16":{"start":{"line":24,"column":12},"end":{"line":24,"column":21}},"17":{"start":{"line":25,"column":15},"end":{"line":25,"column":37}},"18":{"start":{"line":26,"column":11},"end":{"line":26,"column":27}},"19":{"start":{"line":28,"column":15},"end":{"line":32,"column":2}},"20":{"start":{"line":34,"column":0},"end":{"line":136,"column":2}},"21":{"start":{"line":37,"column":2},"end":{"line":98,"column":4}},"22":{"start":{"line":38,"column":4},"end":{"line":38,"column":38}},"23":{"start":{"line":39,"column":16},"end":{"line":39,"column":21}},"24":{"start":{"line":40,"column":14},"end":{"line":40,"column":32}},"25":{"start":{"line":43,"column":4},"end":{"line":95,"column":5}},"26":{"start":{"line":44,"column":6},"end":{"line":85,"column":7}},"27":{"start":{"line":45,"column":8},"end":{"line":84,"column":9}},"28":{"start":{"line":46,"column":10},"end":{"line":46,"column":24}},"29":{"start":{"line":49,"column":10},"end":{"line":49,"column":52}},"30":{"start":{"line":50,"column":24},"end":{"line":50,"column":26}},"31":{"start":{"line":52,"column":10},"end":{"line":62,"column":12}},"32":{"start":{"line":53,"column":14},"end":{"line":53,"column":36}},"33":{"start":{"line":54,"column":14},"end":{"line":54,"column":32}},"34":{"start":{"line":56,"column":14},"end":{"line":60,"column":15}},"35":{"start":{"line":57,"column":16},"end":{"line":57,"column":46}},"36":{"start":{"line":58,"column":16},"end":{"line":58,"column":51}},"37":{"start":{"line":59,"column":16},"end":{"line":59,"column":49}},"38":{"start":{"line":63,"column":10},"end":{"line":63,"column":28}},"39":{"start":{"line":65,"column":10},"end":{"line":71,"column":11}},"40":{"start":{"line":66,"column":16},"end":{"line":66,"column":29}},"41":{"start":{"line":67,"column":16},"end":{"line":67,"column":39}},"42":{"start":{"line":68,"column":16},"end":{"line":68,"column":41}},"43":{"start":{"line":69,"column":16},"end":{"line":69,"column":46}},"44":{"start":{"line":73,"column":10},"end":{"line":73,"column":72}},"45":{"start":{"line":74,"column":10},"end":{"line":74,"column":27}},"46":{"start":{"line":75,"column":10},"end":{"line":80,"column":11}},"47":{"start":{"line":82,"column":10},"end":{"line":82,"column":165}},"48":{"start":{"line":83,"column":10},"end":{"line":83,"column":24}},"49":{"start":{"line":88,"column":6},"end":{"line":94,"column":9}},"50":{"start":{"line":89,"column":8},"end":{"line":93,"column":9}},"51":{"start":{"line":90,"column":8},"end":{"line":90,"column":22}},"52":{"start":{"line":92,"column":10},"end":{"line":92,"column":52}},"53":{"start":{"line":97,"column":4},"end":{"line":97,"column":14}},"54":{"start":{"line":100,"column":2},"end":{"line":131,"column":4}},"55":{"start":{"line":102,"column":17},"end":{"line":102,"column":72}},"56":{"start":{"line":104,"column":4},"end":{"line":121,"column":4}},"57":{"start":{"line":105,"column":6},"end":{"line":111,"column":5}},"58":{"start":{"line":106,"column":8},"end":{"line":110,"column":9}},"59":{"start":{"line":107,"column":8},"end":{"line":107,"column":21}},"60":{"start":{"line":109,"column":10},"end":{"line":109,"column":39}},"61":{"start":{"line":114,"column":6},"end":{"line":120,"column":9}},"62":{"start":{"line":115,"column":8},"end":{"line":119,"column":9}},"63":{"start":{"line":116,"column":8},"end":{"line":116,"column":21}},"64":{"start":{"line":118,"column":10},"end":{"line":118,"column":38}},"65":{"start":{"line":122,"column":4},"end":{"line":127,"column":6}},"66":{"start":{"line":123,"column":6},"end":{"line":123,"column":41}},"67":{"start":{"line":124,"column":6},"end":{"line":126,"column":7}},"68":{"start":{"line":125,"column":8},"end":{"line":125,"column":24}},"69":{"start":{"line":128,"column":4},"end":{"line":128,"column":68}},"70":{"start":{"line":129,"column":4},"end":{"line":129,"column":83}},"71":{"start":{"line":130,"column":4},"end":{"line":130,"column":14}},"72":{"start":{"line":133,"column":2},"end":{"line":135,"column":4}},"73":{"start":{"line":134,"column":4},"end":{"line":134,"column":31}},"74":{"start":{"line":140,"column":0},"end":{"line":140,"column":27}},"75":{"start":{"line":141,"column":0},"end":{"line":141,"column":56}},"76":{"start":{"line":142,"column":0},"end":{"line":142,"column":66}},"77":{"start":{"line":143,"column":0},"end":{"line":143,"column":16}},"78":{"start":{"line":144,"column":0},"end":{"line":144,"column":66}},"79":{"start":{"line":145,"column":0},"end":{"line":145,"column":63}},"80":{"start":{"line":147,"column":0},"end":{"line":152,"column":2}},"81":{"start":{"line":148,"column":2},"end":{"line":148,"column":51}},"82":{"start":{"line":149,"column":2},"end":{"line":149,"column":84}},"83":{"start":{"line":150,"column":2},"end":{"line":150,"column":53}},"84":{"start":{"line":151,"column":2},"end":{"line":151,"column":9}},"85":{"start":{"line":155,"column":0},"end":{"line":155,"column":20}},"86":{"start":{"line":156,"column":0},"end":{"line":156,"column":23}},"87":{"start":{"line":157,"column":0},"end":{"line":157,"column":20}},"88":{"start":{"line":158,"column":0},"end":{"line":158,"column":22}},"89":{"start":{"line":159,"column":0},"end":{"line":159,"column":21}},"90":{"start":{"line":161,"column":0},"end":{"line":171,"column":1}},"91":{"start":{"line":162,"column":2},"end":{"line":170,"column":7}},"92":{"start":{"line":165,"column":10},"end":{"line":165,"column":30}},"93":{"start":{"line":166,"column":10},"end":{"line":166,"column":40}},"94":{"start":{"line":169,"column":6},"end":{"line":169,"column":23}},"95":{"start":{"line":173,"column":0},"end":{"line":173,"column":21}}},"fnMap":{"0":{"name":"(anonymous_0)","decl":{"start":{"line":34,"column":16},"end":{"line":34,"column":17}},"loc":{"start":{"line":34,"column":26},"end":{"line":136,"column":1}},"line":34},"1":{"name":"(anonymous_1)","decl":{"start":{"line":37,"column":19},"end":{"line":37,"column":20}},"loc":{"start":{"line":37,"column":54},"end":{"line":98,"column":3}},"line":37},"2":{"name":"(anonymous_2)","decl":{"start":{"line":44,"column":30},"end":{"line":44,"column":31}},"loc":{"start":{"line":44,"column":50},"end":{"line":85,"column":5}},"line":44},"3":{"name":"(anonymous_3)","decl":{"start":{"line":52,"column":25},"end":{"line":52,"column":26}},"loc":{"start":{"line":52,"column":31},"end":{"line":62,"column":11}},"line":52},"4":{"name":"(anonymous_4)","decl":{"start":{"line":88,"column":31},"end":{"line":88,"column":32}},"loc":{"start":{"line":88,"column":51},"end":{"line":94,"column":7}},"line":88},"5":{"name":"(anonymous_5)","decl":{"start":{"line":100,"column":26},"end":{"line":100,"column":27}},"loc":{"start":{"line":100,"column":69},"end":{"line":131,"column":3}},"line":100},"6":{"name":"(anonymous_6)","decl":{"start":{"line":105,"column":45},"end":{"line":105,"column":46}},"loc":{"start":{"line":105,"column":65},"end":{"line":111,"column":3}},"line":105},"7":{"name":"(anonymous_7)","decl":{"start":{"line":114,"column":46},"end":{"line":114,"column":47}},"loc":{"start":{"line":114,"column":66},"end":{"line":120,"column":7}},"line":114},"8":{"name":"(anonymous_8)","decl":{"start":{"line":122,"column":28},"end":{"line":122,"column":29}},"loc":{"start":{"line":122,"column":48},"end":{"line":127,"column":5}},"line":122},"9":{"name":"(anonymous_9)","decl":{"start":{"line":133,"column":25},"end":{"line":133,"column":26}},"loc":{"start":{"line":133,"column":29},"end":{"line":135,"column":3}},"line":133},"10":{"name":"(anonymous_10)","decl":{"start":{"line":147,"column":8},"end":{"line":147,"column":9}},"loc":{"start":{"line":147,"column":27},"end":{"line":152,"column":1}},"line":147},"11":{"name":"(anonymous_11)","decl":{"start":{"line":164,"column":10},"end":{"line":164,"column":11}},"loc":{"start":{"line":164,"column":15},"end":{"line":167,"column":7}},"line":164},"12":{"name":"(anonymous_12)","decl":{"start":{"line":168,"column":11},"end":{"line":168,"column":12}},"loc":{"start":{"line":168,"column":18},"end":{"line":170,"column":5}},"line":168}},"branchMap":{"0":{"loc":{"start":{"line":43,"column":4},"end":{"line":95,"column":5}},"type":"if","locations":[{"start":{"line":43,"column":4},"end":{"line":95,"column":5}},{"start":{"line":43,"column":4},"end":{"line":95,"column":5}}],"line":43},"1":{"loc":{"start":{"line":45,"column":8},"end":{"line":84,"column":9}},"type":"if","locations":[{"start":{"line":45,"column":8},"end":{"line":84,"column":9}},{"start":{"line":45,"column":8},"end":{"line":84,"column":9}}],"line":45},"2":{"loc":{"start":{"line":56,"column":14},"end":{"line":60,"column":15}},"type":"if","locations":[{"start":{"line":56,"column":14},"end":{"line":60,"column":15}},{"start":{"line":56,"column":14},"end":{"line":60,"column":15}}],"line":56},"3":{"loc":{"start":{"line":65,"column":10},"end":{"line":71,"column":11}},"type":"if","locations":[{"start":{"line":65,"column":10},"end":{"line":71,"column":11}},{"start":{"line":65,"column":10},"end":{"line":71,"column":11}}],"line":65},"4":{"loc":{"start":{"line":79,"column":18},"end":{"line":79,"column":104}},"type":"cond-expr","locations":[{"start":{"line":79,"column":28},"end":{"line":79,"column":63}},{"start":{"line":79,"column":64},"end":{"line":79,"column":104}}],"line":79},"5":{"loc":{"start":{"line":89,"column":8},"end":{"line":93,"column":9}},"type":"if","locations":[{"start":{"line":89,"column":8},"end":{"line":93,"column":9}},{"start":{"line":89,"column":8},"end":{"line":93,"column":9}}],"line":89},"6":{"loc":{"start":{"line":104,"column":4},"end":{"line":121,"column":4}},"type":"if","locations":[{"start":{"line":104,"column":4},"end":{"line":121,"column":4}},{"start":{"line":104,"column":4},"end":{"line":121,"column":4}}],"line":104},"7":{"loc":{"start":{"line":106,"column":8},"end":{"line":110,"column":9}},"type":"if","locations":[{"start":{"line":106,"column":8},"end":{"line":110,"column":9}},{"start":{"line":106,"column":8},"end":{"line":110,"column":9}}],"line":106},"8":{"loc":{"start":{"line":115,"column":8},"end":{"line":119,"column":9}},"type":"if","locations":[{"start":{"line":115,"column":8},"end":{"line":119,"column":9}},{"start":{"line":115,"column":8},"end":{"line":119,"column":9}}],"line":115},"9":{"loc":{"start":{"line":124,"column":6},"end":{"line":126,"column":7}},"type":"if","locations":[{"start":{"line":124,"column":6},"end":{"line":126,"column":7}},{"start":{"line":124,"column":6},"end":{"line":126,"column":7}}],"line":124},"10":{"loc":{"start":{"line":161,"column":0},"end":{"line":171,"column":1}},"type":"if","locations":[{"start":{"line":161,"column":0},"end":{"line":171,"column":1}},{"start":{"line":161,"column":0},"end":{"line":171,"column":1}}],"line":161}},"s":{"0":1,"1":1,"2":1,"3":1,"4":1,"5":1,"6":1,"7":1,"8":1,"9":1,"10":1,"11":1,"12":1,"13":1,"14":1,"15":1,"16":1,"17":1,"18":1,"19":1,"20":1,"21":0,"22":0,"23":0,"24":0,"25":0,"26":0,"27":0,"28":0,"29":0,"30":0,"31":0,"32":0,"33":0,"34":0,"35":0,"36":0,"37":0,"38":0,"39":0,"40":0,"41":0,"42":0,"43":0,"44":0,"45":0,"46":0,"47":0,"48":0,"49":0,"50":0,"51":0,"52":0,"53":0,"54":0,"55":0,"56":0,"57":0,"58":0,"59":0,"60":0,"61":0,"62":0,"63":0,"64":0,"65":0,"66":0,"67":0,"68":0,"69":0,"70":0,"71":0,"72":0,"73":0,"74":1,"75":1,"76":1,"77":1,"78":1,"79":1,"80":1,"81":1,"82":1,"83":1,"84":1,"85":1,"86":1,"87":1,"88":1,"89":1,"90":1,"91":0,"92":0,"93":0,"94":0,"95":1},"f":{"0":0,"1":0,"2":0,"3":0,"4":0,"5":0,"6":0,"7":0,"8":0,"9":0,"10":1,"11":0,"12":0},"b":{"0":[0,0],"1":[0,0],"2":[0,0],"3":[0,0],"4":[0,0],"5":[0,0],"6":[0,0],"7":[0,0],"8":[0,0],"9":[0,0],"10":[0,1]},"_coverageSchema":"1a1c01bbd47fc00a2c39e90264f33305004495a9","hash":"654e7b8f5757d03d72607d59755340e0c18b49c3"}
,"K:\\coding\\Avinya\\Backend\\Authentication\\is-auth.js": {"path":"K:\\coding\\Avinya\\Backend\\Authentication\\is-auth.js","statementMap":{"0":{"start":{"line":3,"column":12},"end":{"line":3,"column":35}},"1":{"start":{"line":4,"column":16},"end":{"line":4,"column":43}},"2":{"start":{"line":6,"column":0},"end":{"line":36,"column":2}},"3":{"start":{"line":7,"column":20},"end":{"line":7,"column":48}},"4":{"start":{"line":10,"column":1},"end":{"line":35,"column":2}},"5":{"start":{"line":11,"column":16},"end":{"line":11,"column":46}},"6":{"start":{"line":12,"column":2},"end":{"line":12,"column":25}},"7":{"start":{"line":13,"column":2},"end":{"line":13,"column":57}},"8":{"start":{"line":15,"column":15},"end":{"line":15,"column":41}},"9":{"start":{"line":18,"column":2},"end":{"line":24,"column":3}},"10":{"start":{"line":19,"column":3},"end":{"line":19,"column":53}},"11":{"start":{"line":21,"column":3},"end":{"line":21,"column":24}},"12":{"start":{"line":22,"column":3},"end":{"line":22,"column":58}},"13":{"start":{"line":23,"column":3},"end":{"line":23,"column":13}},"14":{"start":{"line":26,"column":2},"end":{"line":31,"column":3}},"15":{"start":{"line":27,"column":17},"end":{"line":27,"column":48}},"16":{"start":{"line":28,"column":3},"end":{"line":28,"column":59}},"17":{"start":{"line":29,"column":3},"end":{"line":29,"column":26}},"18":{"start":{"line":30,"column":3},"end":{"line":30,"column":15}},"19":{"start":{"line":33,"column":2},"end":{"line":33,"column":35}},"20":{"start":{"line":34,"column":2},"end":{"line":34,"column":9}},"21":{"start":{"line":39,"column":0},"end":{"line":81,"column":2}},"22":{"start":{"line":40,"column":21},"end":{"line":40,"column":43}},"23":{"start":{"line":42,"column":1},"end":{"line":80,"column":2}},"24":{"start":{"line":43,"column":16},"end":{"line":43,"column":46}},"25":{"start":{"line":44,"column":2},"end":{"line":44,"column":25}},"26":{"start":{"line":45,"column":2},"end":{"line":45,"column":57}},"27":{"start":{"line":46,"column":2},"end":{"line":46,"column":14}},"28":{"start":{"line":48,"column":2},"end":{"line":79,"column":5}},"29":{"start":{"line":49,"column":3},"end":{"line":78,"column":4}},"30":{"start":{"line":50,"column":18},"end":{"line":50,"column":49}},"31":{"start":{"line":51,"column":4},"end":{"line":51,"column":60}},"32":{"start":{"line":52,"column":4},"end":{"line":52,"column":27}},"33":{"start":{"line":53,"column":4},"end":{"line":53,"column":16}},"34":{"start":{"line":55,"column":25},"end":{"line":62,"column":5}},"35":{"start":{"line":64,"column":26},"end":{"line":71,"column":5}},"36":{"start":{"line":73,"column":4},"end":{"line":77,"column":7}}},"fnMap":{"0":{"name":"(anonymous_0)","decl":{"start":{"line":6,"column":25},"end":{"line":6,"column":26}},"loc":{"start":{"line":6,"column":45},"end":{"line":36,"column":1}},"line":6},"1":{"name":"(anonymous_1)","decl":{"start":{"line":39,"column":28},"end":{"line":39,"column":29}},"loc":{"start":{"line":39,"column":42},"end":{"line":81,"column":1}},"line":39},"2":{"name":"(anonymous_2)","decl":{"start":{"line":48,"column":50},"end":{"line":48,"column":51}},"loc":{"start":{"line":48,"column":74},"end":{"line":79,"column":3}},"line":48}},"branchMap":{"0":{"loc":{"start":{"line":10,"column":1},"end":{"line":35,"column":2}},"type":"if","locations":[{"start":{"line":10,"column":1},"end":{"line":35,"column":2}},{"start":{"line":10,"column":1},"end":{"line":35,"column":2}}],"line":10},"1":{"loc":{"start":{"line":26,"column":2},"end":{"line":31,"column":3}},"type":"if","locations":[{"start":{"line":26,"column":2},"end":{"line":31,"column":3}},{"start":{"line":26,"column":2},"end":{"line":31,"column":3}}],"line":26},"2":{"loc":{"start":{"line":42,"column":1},"end":{"line":80,"column":2}},"type":"if","locations":[{"start":{"line":42,"column":1},"end":{"line":80,"column":2}},{"start":{"line":42,"column":1},"end":{"line":80,"column":2}}],"line":42},"3":{"loc":{"start":{"line":49,"column":3},"end":{"line":78,"column":4}},"type":"if","locations":[{"start":{"line":49,"column":3},"end":{"line":78,"column":4}},{"start":{"line":49,"column":3},"end":{"line":78,"column":4}}],"line":49}},"s":{"0":1,"1":1,"2":1,"3":1,"4":1,"5":0,"6":0,"7":0,"8":1,"9":1,"10":1,"11":1,"12":1,"13":1,"14":0,"15":0,"16":0,"17":0,"18":0,"19":0,"20":0,"21":1,"22":0,"23":0,"24":0,"25":0,"26":0,"27":0,"28":0,"29":0,"30":0,"31":0,"32":0,"33":0,"34":0,"35":0,"36":0},"f":{"0":1,"1":0,"2":0},"b":{"0":[0,1],"1":[0,0],"2":[0,0],"3":[0,0]},"_coverageSchema":"1a1c01bbd47fc00a2c39e90264f33305004495a9","hash":"ca94c9da7c0b125c4e3a448e2c37e10435c550f9"}
,"K:\\coding\\Avinya\\Backend\\config\\config.js": {"path":"K:\\coding\\Avinya\\Backend\\config\\config.js","statementMap":{"0":{"start":{"line":4,"column":0},"end":{"line":4,"column":44}},"1":{"start":{"line":7,"column":0},"end":{"line":7,"column":43}},"2":{"start":{"line":10,"column":0},"end":{"line":10,"column":54}},"3":{"start":{"line":11,"column":0},"end":{"line":11,"column":56}},"4":{"start":{"line":13,"column":0},"end":{"line":13,"column":56}},"5":{"start":{"line":14,"column":0},"end":{"line":14,"column":58}},"6":{"start":{"line":17,"column":0},"end":{"line":17,"column":43}},"7":{"start":{"line":18,"column":0},"end":{"line":18,"column":51}},"8":{"start":{"line":19,"column":0},"end":{"line":19,"column":43}},"9":{"start":{"line":22,"column":0},"end":{"line":22,"column":45}},"10":{"start":{"line":23,"column":0},"end":{"line":23,"column":42}},"11":{"start":{"line":26,"column":0},"end":{"line":26,"column":56}}},"fnMap":{},"branchMap":{},"s":{"0":1,"1":1,"2":1,"3":1,"4":1,"5":1,"6":1,"7":1,"8":1,"9":1,"10":1,"11":1},"f":{},"b":{},"_coverageSchema":"1a1c01bbd47fc00a2c39e90264f33305004495a9","hash":"473a1b3dbfb67b741c7abdb5f1bef6ad2a05fc59"}
,"K:\\coding\\Avinya\\Backend\\controllers\\auth.js": {"path":"K:\\coding\\Avinya\\Backend\\controllers\\auth.js","statementMap":{"0":{"start":{"line":3,"column":15},"end":{"line":3,"column":34}},"1":{"start":{"line":4,"column":12},"end":{"line":4,"column":35}},"2":{"start":{"line":5,"column":13},"end":{"line":5,"column":37}},"3":{"start":{"line":6,"column":12},"end":{"line":6,"column":35}},"4":{"start":{"line":7,"column":19},"end":{"line":7,"column":40}},"5":{"start":{"line":8,"column":26},"end":{"line":8,"column":66}},"6":{"start":{"line":9,"column":29},"end":{"line":9,"column":57}},"7":{"start":{"line":10,"column":16},"end":{"line":10,"column":43}},"8":{"start":{"line":12,"column":20},"end":{"line":18,"column":1}},"9":{"start":{"line":20,"column":0},"end":{"line":74,"column":2}},"10":{"start":{"line":21,"column":15},"end":{"line":21,"column":29}},"11":{"start":{"line":22,"column":18},"end":{"line":22,"column":35}},"12":{"start":{"line":24,"column":14},"end":{"line":24,"column":27}},"13":{"start":{"line":26,"column":11},"end":{"line":26,"column":15}},"14":{"start":{"line":28,"column":1},"end":{"line":28,"column":19}},"15":{"start":{"line":30,"column":16},"end":{"line":30,"column":37}},"16":{"start":{"line":31,"column":1},"end":{"line":38,"column":2}},"17":{"start":{"line":32,"column":16},"end":{"line":32,"column":46}},"18":{"start":{"line":33,"column":2},"end":{"line":33,"column":25}},"19":{"start":{"line":34,"column":2},"end":{"line":34,"column":30}},"20":{"start":{"line":35,"column":2},"end":{"line":35,"column":31}},"21":{"start":{"line":36,"column":2},"end":{"line":36,"column":52}},"22":{"start":{"line":37,"column":2},"end":{"line":37,"column":14}},"23":{"start":{"line":40,"column":1},"end":{"line":73,"column":5}},"24":{"start":{"line":43,"column":19},"end":{"line":49,"column":5}},"25":{"start":{"line":50,"column":3},"end":{"line":50,"column":18}},"26":{"start":{"line":51,"column":3},"end":{"line":51,"column":48}},"27":{"start":{"line":53,"column":3},"end":{"line":53,"column":53}},"28":{"start":{"line":55,"column":15},"end":{"line":58,"column":5}},"29":{"start":{"line":60,"column":3},"end":{"line":60,"column":14}},"30":{"start":{"line":61,"column":3},"end":{"line":61,"column":20}},"31":{"start":{"line":62,"column":3},"end":{"line":62,"column":63}},"32":{"start":{"line":65,"column":3},"end":{"line":71,"column":6}},"33":{"start":{"line":72,"column":3},"end":{"line":72,"column":28}},"34":{"start":{"line":76,"column":0},"end":{"line":150,"column":2}},"35":{"start":{"line":77,"column":21},"end":{"line":77,"column":33}},"36":{"start":{"line":78,"column":15},"end":{"line":78,"column":29}},"37":{"start":{"line":81,"column":1},"end":{"line":81,"column":33}},"38":{"start":{"line":83,"column":1},"end":{"line":149,"column":5}},"39":{"start":{"line":85,"column":3},"end":{"line":97,"column":4}},"40":{"start":{"line":86,"column":18},"end":{"line":86,"column":74}},"41":{"start":{"line":87,"column":4},"end":{"line":87,"column":27}},"42":{"start":{"line":88,"column":4},"end":{"line":93,"column":6}},"43":{"start":{"line":94,"column":4},"end":{"line":94,"column":50}},"44":{"start":{"line":96,"column":4},"end":{"line":96,"column":16}},"45":{"start":{"line":99,"column":3},"end":{"line":142,"column":4}},"46":{"start":{"line":100,"column":18},"end":{"line":100,"column":41}},"47":{"start":{"line":101,"column":4},"end":{"line":101,"column":27}},"48":{"start":{"line":102,"column":4},"end":{"line":102,"column":52}},"49":{"start":{"line":103,"column":4},"end":{"line":108,"column":6}},"50":{"start":{"line":109,"column":4},"end":{"line":109,"column":16}},"51":{"start":{"line":112,"column":4},"end":{"line":141,"column":7}},"52":{"start":{"line":113,"column":5},"end":{"line":113,"column":28}},"53":{"start":{"line":115,"column":26},"end":{"line":122,"column":6}},"54":{"start":{"line":123,"column":27},"end":{"line":130,"column":6}},"55":{"start":{"line":132,"column":5},"end":{"line":140,"column":8}},"56":{"start":{"line":133,"column":6},"end":{"line":139,"column":9}},"57":{"start":{"line":145,"column":3},"end":{"line":147,"column":4}},"58":{"start":{"line":146,"column":4},"end":{"line":146,"column":25}},"59":{"start":{"line":148,"column":3},"end":{"line":148,"column":13}},"60":{"start":{"line":153,"column":0},"end":{"line":198,"column":2}},"61":{"start":{"line":154,"column":15},"end":{"line":154,"column":29}},"62":{"start":{"line":155,"column":22},"end":{"line":155,"column":34}},"63":{"start":{"line":156,"column":11},"end":{"line":156,"column":15}},"64":{"start":{"line":158,"column":1},"end":{"line":197,"column":5}},"65":{"start":{"line":160,"column":3},"end":{"line":171,"column":4}},"66":{"start":{"line":161,"column":18},"end":{"line":161,"column":44}},"67":{"start":{"line":162,"column":4},"end":{"line":162,"column":27}},"68":{"start":{"line":163,"column":4},"end":{"line":168,"column":6}},"69":{"start":{"line":169,"column":4},"end":{"line":169,"column":55}},"70":{"start":{"line":170,"column":4},"end":{"line":170,"column":16}},"71":{"start":{"line":172,"column":3},"end":{"line":172,"column":53}},"72":{"start":{"line":174,"column":3},"end":{"line":174,"column":18}},"73":{"start":{"line":175,"column":3},"end":{"line":175,"column":15}},"74":{"start":{"line":176,"column":3},"end":{"line":176,"column":20}},"75":{"start":{"line":177,"column":3},"end":{"line":177,"column":63}},"76":{"start":{"line":180,"column":3},"end":{"line":186,"column":6}},"77":{"start":{"line":187,"column":3},"end":{"line":187,"column":28}},"78":{"start":{"line":191,"column":3},"end":{"line":196,"column":5}},"79":{"start":{"line":192,"column":4},"end":{"line":194,"column":5}},"80":{"start":{"line":193,"column":5},"end":{"line":193,"column":26}},"81":{"start":{"line":195,"column":4},"end":{"line":195,"column":14}},"82":{"start":{"line":200,"column":0},"end":{"line":312,"column":2}},"83":{"start":{"line":201,"column":15},"end":{"line":201,"column":29}},"84":{"start":{"line":202,"column":18},"end":{"line":202,"column":35}},"85":{"start":{"line":204,"column":16},"end":{"line":204,"column":37}},"86":{"start":{"line":206,"column":1},"end":{"line":213,"column":2}},"87":{"start":{"line":207,"column":16},"end":{"line":207,"column":46}},"88":{"start":{"line":208,"column":2},"end":{"line":208,"column":25}},"89":{"start":{"line":209,"column":2},"end":{"line":209,"column":30}},"90":{"start":{"line":210,"column":2},"end":{"line":210,"column":31}},"91":{"start":{"line":211,"column":2},"end":{"line":211,"column":63}},"92":{"start":{"line":212,"column":2},"end":{"line":212,"column":14}},"93":{"start":{"line":215,"column":1},"end":{"line":311,"column":4}},"94":{"start":{"line":216,"column":2},"end":{"line":310,"column":3}},"95":{"start":{"line":217,"column":3},"end":{"line":217,"column":38}},"96":{"start":{"line":219,"column":3},"end":{"line":219,"column":53}},"97":{"start":{"line":220,"column":3},"end":{"line":220,"column":29}},"98":{"start":{"line":221,"column":3},"end":{"line":264,"column":6}},"99":{"start":{"line":223,"column":4},"end":{"line":263,"column":5}},"100":{"start":{"line":224,"column":17},"end":{"line":227,"column":7}},"101":{"start":{"line":229,"column":5},"end":{"line":244,"column":8}},"102":{"start":{"line":230,"column":6},"end":{"line":236,"column":9}},"103":{"start":{"line":238,"column":6},"end":{"line":238,"column":37}},"104":{"start":{"line":239,"column":6},"end":{"line":243,"column":9}},"105":{"start":{"line":246,"column":5},"end":{"line":246,"column":20}},"106":{"start":{"line":247,"column":5},"end":{"line":262,"column":8}},"107":{"start":{"line":248,"column":6},"end":{"line":254,"column":9}},"108":{"start":{"line":256,"column":6},"end":{"line":256,"column":31}},"109":{"start":{"line":257,"column":6},"end":{"line":261,"column":9}},"110":{"start":{"line":266,"column":3},"end":{"line":309,"column":7}},"111":{"start":{"line":269,"column":5},"end":{"line":299,"column":6}},"112":{"start":{"line":270,"column":27},"end":{"line":277,"column":7}},"113":{"start":{"line":279,"column":28},"end":{"line":286,"column":7}},"114":{"start":{"line":288,"column":6},"end":{"line":296,"column":10}},"115":{"start":{"line":298,"column":6},"end":{"line":298,"column":71}},"116":{"start":{"line":303,"column":5},"end":{"line":308,"column":7}},"117":{"start":{"line":304,"column":6},"end":{"line":306,"column":7}},"118":{"start":{"line":305,"column":7},"end":{"line":305,"column":28}},"119":{"start":{"line":307,"column":6},"end":{"line":307,"column":16}},"120":{"start":{"line":314,"column":0},"end":{"line":356,"column":2}},"121":{"start":{"line":315,"column":15},"end":{"line":315,"column":29}},"122":{"start":{"line":316,"column":1},"end":{"line":316,"column":20}},"123":{"start":{"line":317,"column":11},"end":{"line":317,"column":59}},"124":{"start":{"line":319,"column":1},"end":{"line":355,"column":5}},"125":{"start":{"line":321,"column":3},"end":{"line":337,"column":4}},"126":{"start":{"line":322,"column":18},"end":{"line":322,"column":48}},"127":{"start":{"line":323,"column":4},"end":{"line":323,"column":27}},"128":{"start":{"line":324,"column":4},"end":{"line":324,"column":55}},"129":{"start":{"line":325,"column":4},"end":{"line":328,"column":6}},"130":{"start":{"line":329,"column":4},"end":{"line":329,"column":55}},"131":{"start":{"line":330,"column":4},"end":{"line":330,"column":16}},"132":{"start":{"line":332,"column":20},"end":{"line":335,"column":6}},"133":{"start":{"line":336,"column":4},"end":{"line":336,"column":19}},"134":{"start":{"line":341,"column":3},"end":{"line":346,"column":6}},"135":{"start":{"line":347,"column":3},"end":{"line":347,"column":35}},"136":{"start":{"line":348,"column":3},"end":{"line":348,"column":67}},"137":{"start":{"line":351,"column":3},"end":{"line":353,"column":4}},"138":{"start":{"line":352,"column":4},"end":{"line":352,"column":25}},"139":{"start":{"line":354,"column":3},"end":{"line":354,"column":13}},"140":{"start":{"line":358,"column":0},"end":{"line":394,"column":2}},"141":{"start":{"line":359,"column":15},"end":{"line":359,"column":29}},"142":{"start":{"line":360,"column":13},"end":{"line":360,"column":25}},"143":{"start":{"line":361,"column":1},"end":{"line":361,"column":29}},"144":{"start":{"line":363,"column":1},"end":{"line":393,"column":5}},"145":{"start":{"line":365,"column":3},"end":{"line":375,"column":4}},"146":{"start":{"line":366,"column":18},"end":{"line":366,"column":48}},"147":{"start":{"line":367,"column":4},"end":{"line":367,"column":27}},"148":{"start":{"line":368,"column":4},"end":{"line":368,"column":58}},"149":{"start":{"line":369,"column":4},"end":{"line":372,"column":6}},"150":{"start":{"line":373,"column":4},"end":{"line":373,"column":71}},"151":{"start":{"line":374,"column":4},"end":{"line":374,"column":16}},"152":{"start":{"line":377,"column":3},"end":{"line":386,"column":73}},"153":{"start":{"line":378,"column":4},"end":{"line":381,"column":7}},"154":{"start":{"line":379,"column":5},"end":{"line":379,"column":34}},"155":{"start":{"line":380,"column":5},"end":{"line":380,"column":20}},"156":{"start":{"line":382,"column":4},"end":{"line":384,"column":69}},"157":{"start":{"line":386,"column":4},"end":{"line":386,"column":73}},"158":{"start":{"line":389,"column":3},"end":{"line":391,"column":4}},"159":{"start":{"line":390,"column":4},"end":{"line":390,"column":25}},"160":{"start":{"line":392,"column":3},"end":{"line":392,"column":13}},"161":{"start":{"line":396,"column":0},"end":{"line":443,"column":2}},"162":{"start":{"line":397,"column":15},"end":{"line":397,"column":29}},"163":{"start":{"line":398,"column":21},"end":{"line":398,"column":41}},"164":{"start":{"line":399,"column":25},"end":{"line":399,"column":49}},"165":{"start":{"line":402,"column":1},"end":{"line":442,"column":5}},"166":{"start":{"line":404,"column":3},"end":{"line":416,"column":4}},"167":{"start":{"line":405,"column":18},"end":{"line":405,"column":54}},"168":{"start":{"line":406,"column":4},"end":{"line":406,"column":27}},"169":{"start":{"line":407,"column":4},"end":{"line":407,"column":65}},"170":{"start":{"line":408,"column":4},"end":{"line":411,"column":6}},"171":{"start":{"line":412,"column":4},"end":{"line":414,"column":7}},"172":{"start":{"line":415,"column":4},"end":{"line":415,"column":16}},"173":{"start":{"line":417,"column":3},"end":{"line":435,"column":4}},"174":{"start":{"line":418,"column":4},"end":{"line":418,"column":21}},"175":{"start":{"line":419,"column":4},"end":{"line":419,"column":36}},"176":{"start":{"line":420,"column":4},"end":{"line":430,"column":8}},"177":{"start":{"line":423,"column":6},"end":{"line":423,"column":42}},"178":{"start":{"line":424,"column":6},"end":{"line":424,"column":30}},"179":{"start":{"line":428,"column":6},"end":{"line":428,"column":36}},"180":{"start":{"line":429,"column":6},"end":{"line":429,"column":62}},"181":{"start":{"line":433,"column":4},"end":{"line":433,"column":50}},"182":{"start":{"line":434,"column":4},"end":{"line":434,"column":74}},"183":{"start":{"line":438,"column":3},"end":{"line":440,"column":4}},"184":{"start":{"line":439,"column":4},"end":{"line":439,"column":25}},"185":{"start":{"line":441,"column":3},"end":{"line":441,"column":13}}},"fnMap":{"0":{"name":"(anonymous_0)","decl":{"start":{"line":20,"column":17},"end":{"line":20,"column":18}},"loc":{"start":{"line":20,"column":31},"end":{"line":74,"column":1}},"line":20},"1":{"name":"(anonymous_1)","decl":{"start":{"line":42,"column":8},"end":{"line":42,"column":9}},"loc":{"start":{"line":42,"column":28},"end":{"line":63,"column":3}},"line":42},"2":{"name":"(anonymous_2)","decl":{"start":{"line":64,"column":8},"end":{"line":64,"column":9}},"loc":{"start":{"line":64,"column":17},"end":{"line":73,"column":3}},"line":64},"3":{"name":"(anonymous_3)","decl":{"start":{"line":76,"column":26},"end":{"line":76,"column":27}},"loc":{"start":{"line":76,"column":46},"end":{"line":150,"column":1}},"line":76},"4":{"name":"(anonymous_4)","decl":{"start":{"line":84,"column":8},"end":{"line":84,"column":9}},"loc":{"start":{"line":84,"column":18},"end":{"line":143,"column":3}},"line":84},"5":{"name":"(anonymous_5)","decl":{"start":{"line":112,"column":40},"end":{"line":112,"column":41}},"loc":{"start":{"line":112,"column":50},"end":{"line":141,"column":5}},"line":112},"6":{"name":"(anonymous_6)","decl":{"start":{"line":132,"column":15},"end":{"line":132,"column":16}},"loc":{"start":{"line":132,"column":27},"end":{"line":140,"column":6}},"line":132},"7":{"name":"(anonymous_7)","decl":{"start":{"line":144,"column":9},"end":{"line":144,"column":10}},"loc":{"start":{"line":144,"column":18},"end":{"line":149,"column":3}},"line":144},"8":{"name":"(anonymous_8)","decl":{"start":{"line":153,"column":20},"end":{"line":153,"column":21}},"loc":{"start":{"line":153,"column":40},"end":{"line":198,"column":1}},"line":153},"9":{"name":"(anonymous_9)","decl":{"start":{"line":159,"column":8},"end":{"line":159,"column":9}},"loc":{"start":{"line":159,"column":18},"end":{"line":178,"column":3}},"line":159},"10":{"name":"(anonymous_10)","decl":{"start":{"line":179,"column":8},"end":{"line":179,"column":9}},"loc":{"start":{"line":179,"column":14},"end":{"line":188,"column":3}},"line":179},"11":{"name":"(anonymous_11)","decl":{"start":{"line":190,"column":9},"end":{"line":190,"column":10}},"loc":{"start":{"line":190,"column":18},"end":{"line":197,"column":3}},"line":190},"12":{"name":"(anonymous_12)","decl":{"start":{"line":191,"column":3},"end":{"line":191,"column":4}},"loc":{"start":{"line":191,"column":12},"end":{"line":196,"column":4}},"line":191},"13":{"name":"(anonymous_13)","decl":{"start":{"line":200,"column":16},"end":{"line":200,"column":17}},"loc":{"start":{"line":200,"column":36},"end":{"line":312,"column":1}},"line":200},"14":{"name":"(anonymous_14)","decl":{"start":{"line":215,"column":37},"end":{"line":215,"column":38}},"loc":{"start":{"line":215,"column":47},"end":{"line":311,"column":2}},"line":215},"15":{"name":"(anonymous_15)","decl":{"start":{"line":221,"column":38},"end":{"line":221,"column":39}},"loc":{"start":{"line":221,"column":48},"end":{"line":264,"column":4}},"line":221},"16":{"name":"(anonymous_16)","decl":{"start":{"line":229,"column":21},"end":{"line":229,"column":22}},"loc":{"start":{"line":229,"column":27},"end":{"line":244,"column":6}},"line":229},"17":{"name":"(anonymous_17)","decl":{"start":{"line":247,"column":22},"end":{"line":247,"column":23}},"loc":{"start":{"line":247,"column":28},"end":{"line":262,"column":6}},"line":247},"18":{"name":"(anonymous_18)","decl":{"start":{"line":268,"column":10},"end":{"line":268,"column":11}},"loc":{"start":{"line":268,"column":25},"end":{"line":300,"column":5}},"line":268},"19":{"name":"(anonymous_19)","decl":{"start":{"line":302,"column":11},"end":{"line":302,"column":12}},"loc":{"start":{"line":302,"column":20},"end":{"line":309,"column":5}},"line":302},"20":{"name":"(anonymous_20)","decl":{"start":{"line":303,"column":5},"end":{"line":303,"column":6}},"loc":{"start":{"line":303,"column":14},"end":{"line":308,"column":6}},"line":303},"21":{"name":"(anonymous_21)","decl":{"start":{"line":314,"column":24},"end":{"line":314,"column":25}},"loc":{"start":{"line":314,"column":44},"end":{"line":356,"column":1}},"line":314},"22":{"name":"(anonymous_22)","decl":{"start":{"line":320,"column":8},"end":{"line":320,"column":9}},"loc":{"start":{"line":320,"column":18},"end":{"line":338,"column":3}},"line":320},"23":{"name":"(anonymous_23)","decl":{"start":{"line":340,"column":8},"end":{"line":340,"column":9}},"loc":{"start":{"line":340,"column":20},"end":{"line":349,"column":3}},"line":340},"24":{"name":"(anonymous_24)","decl":{"start":{"line":350,"column":9},"end":{"line":350,"column":10}},"loc":{"start":{"line":350,"column":18},"end":{"line":355,"column":3}},"line":350},"25":{"name":"(anonymous_25)","decl":{"start":{"line":358,"column":31},"end":{"line":358,"column":32}},"loc":{"start":{"line":358,"column":51},"end":{"line":394,"column":1}},"line":358},"26":{"name":"(anonymous_26)","decl":{"start":{"line":364,"column":8},"end":{"line":364,"column":9}},"loc":{"start":{"line":364,"column":18},"end":{"line":387,"column":3}},"line":364},"27":{"name":"(anonymous_27)","decl":{"start":{"line":378,"column":40},"end":{"line":378,"column":41}},"loc":{"start":{"line":378,"column":53},"end":{"line":381,"column":5}},"line":378},"28":{"name":"(anonymous_28)","decl":{"start":{"line":388,"column":9},"end":{"line":388,"column":10}},"loc":{"start":{"line":388,"column":18},"end":{"line":393,"column":3}},"line":388},"29":{"name":"(anonymous_29)","decl":{"start":{"line":396,"column":22},"end":{"line":396,"column":23}},"loc":{"start":{"line":396,"column":42},"end":{"line":443,"column":1}},"line":396},"30":{"name":"(anonymous_30)","decl":{"start":{"line":403,"column":8},"end":{"line":403,"column":9}},"loc":{"start":{"line":403,"column":18},"end":{"line":436,"column":3}},"line":403},"31":{"name":"(anonymous_31)","decl":{"start":{"line":422,"column":11},"end":{"line":422,"column":12}},"loc":{"start":{"line":422,"column":31},"end":{"line":425,"column":6}},"line":422},"32":{"name":"(anonymous_32)","decl":{"start":{"line":427,"column":11},"end":{"line":427,"column":12}},"loc":{"start":{"line":427,"column":23},"end":{"line":430,"column":6}},"line":427},"33":{"name":"(anonymous_33)","decl":{"start":{"line":437,"column":9},"end":{"line":437,"column":10}},"loc":{"start":{"line":437,"column":18},"end":{"line":442,"column":3}},"line":437}},"branchMap":{"0":{"loc":{"start":{"line":31,"column":1},"end":{"line":38,"column":2}},"type":"if","locations":[{"start":{"line":31,"column":1},"end":{"line":38,"column":2}},{"start":{"line":31,"column":1},"end":{"line":38,"column":2}}],"line":31},"1":{"loc":{"start":{"line":85,"column":3},"end":{"line":97,"column":4}},"type":"if","locations":[{"start":{"line":85,"column":3},"end":{"line":97,"column":4}},{"start":{"line":85,"column":3},"end":{"line":97,"column":4}}],"line":85},"2":{"loc":{"start":{"line":99,"column":3},"end":{"line":142,"column":4}},"type":"if","locations":[{"start":{"line":99,"column":3},"end":{"line":142,"column":4}},{"start":{"line":99,"column":3},"end":{"line":142,"column":4}}],"line":99},"3":{"loc":{"start":{"line":145,"column":3},"end":{"line":147,"column":4}},"type":"if","locations":[{"start":{"line":145,"column":3},"end":{"line":147,"column":4}},{"start":{"line":145,"column":3},"end":{"line":147,"column":4}}],"line":145},"4":{"loc":{"start":{"line":160,"column":3},"end":{"line":171,"column":4}},"type":"if","locations":[{"start":{"line":160,"column":3},"end":{"line":171,"column":4}},{"start":{"line":160,"column":3},"end":{"line":171,"column":4}}],"line":160},"5":{"loc":{"start":{"line":192,"column":4},"end":{"line":194,"column":5}},"type":"if","locations":[{"start":{"line":192,"column":4},"end":{"line":194,"column":5}},{"start":{"line":192,"column":4},"end":{"line":194,"column":5}}],"line":192},"6":{"loc":{"start":{"line":206,"column":1},"end":{"line":213,"column":2}},"type":"if","locations":[{"start":{"line":206,"column":1},"end":{"line":213,"column":2}},{"start":{"line":206,"column":1},"end":{"line":213,"column":2}}],"line":206},"7":{"loc":{"start":{"line":216,"column":2},"end":{"line":310,"column":3}},"type":"if","locations":[{"start":{"line":216,"column":2},"end":{"line":310,"column":3}},{"start":{"line":216,"column":2},"end":{"line":310,"column":3}}],"line":216},"8":{"loc":{"start":{"line":223,"column":4},"end":{"line":263,"column":5}},"type":"if","locations":[{"start":{"line":223,"column":4},"end":{"line":263,"column":5}},{"start":{"line":223,"column":4},"end":{"line":263,"column":5}}],"line":223},"9":{"loc":{"start":{"line":269,"column":5},"end":{"line":299,"column":6}},"type":"if","locations":[{"start":{"line":269,"column":5},"end":{"line":299,"column":6}},{"start":{"line":269,"column":5},"end":{"line":299,"column":6}}],"line":269},"10":{"loc":{"start":{"line":304,"column":6},"end":{"line":306,"column":7}},"type":"if","locations":[{"start":{"line":304,"column":6},"end":{"line":306,"column":7}},{"start":{"line":304,"column":6},"end":{"line":306,"column":7}}],"line":304},"11":{"loc":{"start":{"line":321,"column":3},"end":{"line":337,"column":4}},"type":"if","locations":[{"start":{"line":321,"column":3},"end":{"line":337,"column":4}},{"start":{"line":321,"column":3},"end":{"line":337,"column":4}}],"line":321},"12":{"loc":{"start":{"line":351,"column":3},"end":{"line":353,"column":4}},"type":"if","locations":[{"start":{"line":351,"column":3},"end":{"line":353,"column":4}},{"start":{"line":351,"column":3},"end":{"line":353,"column":4}}],"line":351},"13":{"loc":{"start":{"line":365,"column":3},"end":{"line":375,"column":4}},"type":"if","locations":[{"start":{"line":365,"column":3},"end":{"line":375,"column":4}},{"start":{"line":365,"column":3},"end":{"line":375,"column":4}}],"line":365},"14":{"loc":{"start":{"line":377,"column":3},"end":{"line":386,"column":73}},"type":"if","locations":[{"start":{"line":377,"column":3},"end":{"line":386,"column":73}},{"start":{"line":377,"column":3},"end":{"line":386,"column":73}}],"line":377},"15":{"loc":{"start":{"line":389,"column":3},"end":{"line":391,"column":4}},"type":"if","locations":[{"start":{"line":389,"column":3},"end":{"line":391,"column":4}},{"start":{"line":389,"column":3},"end":{"line":391,"column":4}}],"line":389},"16":{"loc":{"start":{"line":404,"column":3},"end":{"line":416,"column":4}},"type":"if","locations":[{"start":{"line":404,"column":3},"end":{"line":416,"column":4}},{"start":{"line":404,"column":3},"end":{"line":416,"column":4}}],"line":404},"17":{"loc":{"start":{"line":417,"column":3},"end":{"line":435,"column":4}},"type":"if","locations":[{"start":{"line":417,"column":3},"end":{"line":435,"column":4}},{"start":{"line":417,"column":3},"end":{"line":435,"column":4}}],"line":417},"18":{"loc":{"start":{"line":438,"column":3},"end":{"line":440,"column":4}},"type":"if","locations":[{"start":{"line":438,"column":3},"end":{"line":440,"column":4}},{"start":{"line":438,"column":3},"end":{"line":440,"column":4}}],"line":438}},"s":{"0":1,"1":1,"2":1,"3":1,"4":1,"5":1,"6":1,"7":1,"8":1,"9":1,"10":0,"11":0,"12":0,"13":0,"14":0,"15":0,"16":0,"17":0,"18":0,"19":0,"20":0,"21":0,"22":0,"23":0,"24":0,"25":0,"26":0,"27":0,"28":0,"29":0,"30":0,"31":0,"32":0,"33":0,"34":1,"35":0,"36":0,"37":0,"38":0,"39":0,"40":0,"41":0,"42":0,"43":0,"44":0,"45":0,"46":0,"47":0,"48":0,"49":0,"50":0,"51":0,"52":0,"53":0,"54":0,"55":0,"56":0,"57":0,"58":0,"59":0,"60":1,"61":0,"62":0,"63":0,"64":0,"65":0,"66":0,"67":0,"68":0,"69":0,"70":0,"71":0,"72":0,"73":0,"74":0,"75":0,"76":0,"77":0,"78":0,"79":0,"80":0,"81":0,"82":1,"83":0,"84":0,"85":0,"86":0,"87":0,"88":0,"89":0,"90":0,"91":0,"92":0,"93":0,"94":0,"95":0,"96":0,"97":0,"98":0,"99":0,"100":0,"101":0,"102":0,"103":0,"104":0,"105":0,"106":0,"107":0,"108":0,"109":0,"110":0,"111":0,"112":0,"113":0,"114":0,"115":0,"116":0,"117":0,"118":0,"119":0,"120":1,"121":0,"122":0,"123":0,"124":0,"125":0,"126":0,"127":0,"128":0,"129":0,"130":0,"131":0,"132":0,"133":0,"134":0,"135":0,"136":0,"137":0,"138":0,"139":0,"140":1,"141":0,"142":0,"143":0,"144":0,"145":0,"146":0,"147":0,"148":0,"149":0,"150":0,"151":0,"152":0,"153":0,"154":0,"155":0,"156":0,"157":0,"158":0,"159":0,"160":0,"161":1,"162":0,"163":0,"164":0,"165":0,"166":0,"167":0,"168":0,"169":0,"170":0,"171":0,"172":0,"173":0,"174":0,"175":0,"176":0,"177":0,"178":0,"179":0,"180":0,"181":0,"182":0,"183":0,"184":0,"185":0},"f":{"0":0,"1":0,"2":0,"3":0,"4":0,"5":0,"6":0,"7":0,"8":0,"9":0,"10":0,"11":0,"12":0,"13":0,"14":0,"15":0,"16":0,"17":0,"18":0,"19":0,"20":0,"21":0,"22":0,"23":0,"24":0,"25":0,"26":0,"27":0,"28":0,"29":0,"30":0,"31":0,"32":0,"33":0},"b":{"0":[0,0],"1":[0,0],"2":[0,0],"3":[0,0],"4":[0,0],"5":[0,0],"6":[0,0],"7":[0,0],"8":[0,0],"9":[0,0],"10":[0,0],"11":[0,0],"12":[0,0],"13":[0,0],"14":[0,0],"15":[0,0],"16":[0,0],"17":[0,0],"18":[0,0]},"_coverageSchema":"1a1c01bbd47fc00a2c39e90264f33305004495a9","hash":"e0b06d83fe239bad3cc1b3de94ff436a400b348c"}
,"K:\\coding\\Avinya\\Backend\\controllers\\coursepage.js": {"path":"K:\\coding\\Avinya\\Backend\\controllers\\coursepage.js","statementMap":{"0":{"start":{"line":3,"column":15},"end":{"line":3,"column":42}},"1":{"start":{"line":4,"column":13},"end":{"line":4,"column":37}},"2":{"start":{"line":5,"column":20},"end":{"line":5,"column":37}},"3":{"start":{"line":6,"column":11},"end":{"line":6,"column":24}},"4":{"start":{"line":7,"column":13},"end":{"line":7,"column":28}},"5":{"start":{"line":8,"column":13},"end":{"line":8,"column":37}},"6":{"start":{"line":10,"column":0},"end":{"line":21,"column":2}},"7":{"start":{"line":12,"column":18},"end":{"line":12,"column":37}},"8":{"start":{"line":13,"column":1},"end":{"line":20,"column":5}},"9":{"start":{"line":15,"column":3},"end":{"line":15,"column":44}},"10":{"start":{"line":18,"column":3},"end":{"line":18,"column":20}},"11":{"start":{"line":19,"column":3},"end":{"line":19,"column":10}},"12":{"start":{"line":23,"column":0},"end":{"line":67,"column":2}},"13":{"start":{"line":24,"column":18},"end":{"line":24,"column":37}},"14":{"start":{"line":26,"column":16},"end":{"line":26,"column":32}},"15":{"start":{"line":28,"column":1},"end":{"line":66,"column":5}},"16":{"start":{"line":30,"column":3},"end":{"line":36,"column":4}},"17":{"start":{"line":31,"column":4},"end":{"line":31,"column":33}},"18":{"start":{"line":32,"column":4},"end":{"line":32,"column":46}},"19":{"start":{"line":34,"column":4},"end":{"line":34,"column":61}},"20":{"start":{"line":35,"column":4},"end":{"line":35,"column":46}},"21":{"start":{"line":37,"column":3},"end":{"line":59,"column":6}},"22":{"start":{"line":38,"column":4},"end":{"line":58,"column":8}},"23":{"start":{"line":40,"column":6},"end":{"line":46,"column":7}},"24":{"start":{"line":41,"column":7},"end":{"line":41,"column":36}},"25":{"start":{"line":42,"column":7},"end":{"line":42,"column":44}},"26":{"start":{"line":44,"column":7},"end":{"line":44,"column":66}},"27":{"start":{"line":45,"column":7},"end":{"line":45,"column":62}},"28":{"start":{"line":47,"column":6},"end":{"line":52,"column":9}},"29":{"start":{"line":48,"column":7},"end":{"line":48,"column":49}},"30":{"start":{"line":49,"column":7},"end":{"line":51,"column":68}},"31":{"start":{"line":53,"column":6},"end":{"line":53,"column":24}},"32":{"start":{"line":56,"column":6},"end":{"line":56,"column":23}},"33":{"start":{"line":57,"column":6},"end":{"line":57,"column":53}},"34":{"start":{"line":65,"column":3},"end":{"line":65,"column":13}},"35":{"start":{"line":69,"column":0},"end":{"line":84,"column":2}},"36":{"start":{"line":70,"column":16},"end":{"line":70,"column":33}},"37":{"start":{"line":71,"column":1},"end":{"line":71,"column":21}},"38":{"start":{"line":73,"column":1},"end":{"line":83,"column":5}},"39":{"start":{"line":77,"column":3},"end":{"line":77,"column":23}},"40":{"start":{"line":78,"column":3},"end":{"line":78,"column":32}},"41":{"start":{"line":81,"column":3},"end":{"line":81,"column":20}},"42":{"start":{"line":82,"column":3},"end":{"line":82,"column":10}},"43":{"start":{"line":86,"column":0},"end":{"line":110,"column":2}},"44":{"start":{"line":87,"column":16},"end":{"line":87,"column":31}},"45":{"start":{"line":88,"column":18},"end":{"line":88,"column":29}},"46":{"start":{"line":90,"column":1},"end":{"line":109,"column":5}},"47":{"start":{"line":92,"column":3},"end":{"line":92,"column":60}},"48":{"start":{"line":93,"column":3},"end":{"line":105,"column":6}},"49":{"start":{"line":94,"column":4},"end":{"line":104,"column":8}},"50":{"start":{"line":96,"column":6},"end":{"line":96,"column":65}},"51":{"start":{"line":97,"column":6},"end":{"line":99,"column":9}},"52":{"start":{"line":98,"column":7},"end":{"line":98,"column":70}},"53":{"start":{"line":102,"column":6},"end":{"line":102,"column":23}},"54":{"start":{"line":103,"column":6},"end":{"line":103,"column":13}},"55":{"start":{"line":108,"column":3},"end":{"line":108,"column":20}},"56":{"start":{"line":112,"column":0},"end":{"line":132,"column":2}},"57":{"start":{"line":113,"column":18},"end":{"line":113,"column":35}},"58":{"start":{"line":114,"column":20},"end":{"line":114,"column":35}},"59":{"start":{"line":116,"column":1},"end":{"line":131,"column":5}},"60":{"start":{"line":118,"column":24},"end":{"line":118,"column":60}},"61":{"start":{"line":119,"column":25},"end":{"line":119,"column":55}},"62":{"start":{"line":120,"column":3},"end":{"line":120,"column":35}},"63":{"start":{"line":121,"column":3},"end":{"line":121,"column":41}},"64":{"start":{"line":122,"column":3},"end":{"line":122,"column":60}},"65":{"start":{"line":124,"column":3},"end":{"line":124,"column":17}},"66":{"start":{"line":125,"column":3},"end":{"line":125,"column":23}},"67":{"start":{"line":126,"column":3},"end":{"line":126,"column":44}},"68":{"start":{"line":129,"column":3},"end":{"line":129,"column":20}},"69":{"start":{"line":130,"column":3},"end":{"line":130,"column":10}},"70":{"start":{"line":134,"column":0},"end":{"line":188,"column":2}},"71":{"start":{"line":135,"column":18},"end":{"line":135,"column":37}},"72":{"start":{"line":136,"column":16},"end":{"line":136,"column":31}},"73":{"start":{"line":138,"column":1},"end":{"line":187,"column":5}},"74":{"start":{"line":140,"column":3},"end":{"line":142,"column":4}},"75":{"start":{"line":141,"column":4},"end":{"line":141,"column":57}},"76":{"start":{"line":143,"column":3},"end":{"line":150,"column":5}},"77":{"start":{"line":144,"column":4},"end":{"line":149,"column":7}},"78":{"start":{"line":146,"column":6},"end":{"line":148,"column":7}},"79":{"start":{"line":147,"column":7},"end":{"line":147,"column":58}},"80":{"start":{"line":152,"column":19},"end":{"line":152,"column":52}},"81":{"start":{"line":153,"column":19},"end":{"line":153,"column":46}},"82":{"start":{"line":154,"column":18},"end":{"line":154,"column":35}},"83":{"start":{"line":156,"column":3},"end":{"line":156,"column":52}},"84":{"start":{"line":157,"column":3},"end":{"line":160,"column":5}},"85":{"start":{"line":161,"column":3},"end":{"line":161,"column":46}},"86":{"start":{"line":163,"column":3},"end":{"line":163,"column":20}},"87":{"start":{"line":164,"column":3},"end":{"line":168,"column":6}},"88":{"start":{"line":169,"column":3},"end":{"line":169,"column":21}},"89":{"start":{"line":170,"column":3},"end":{"line":170,"column":76}},"90":{"start":{"line":171,"column":3},"end":{"line":171,"column":21}},"91":{"start":{"line":172,"column":3},"end":{"line":172,"column":21}},"92":{"start":{"line":173,"column":3},"end":{"line":173,"column":72}},"93":{"start":{"line":174,"column":3},"end":{"line":174,"column":21}},"94":{"start":{"line":175,"column":3},"end":{"line":175,"column":28}},"95":{"start":{"line":176,"column":3},"end":{"line":176,"column":21}},"96":{"start":{"line":177,"column":3},"end":{"line":177,"column":68}},"97":{"start":{"line":178,"column":3},"end":{"line":178,"column":21}},"98":{"start":{"line":179,"column":3},"end":{"line":179,"column":35}},"99":{"start":{"line":180,"column":3},"end":{"line":180,"column":21}},"100":{"start":{"line":181,"column":3},"end":{"line":181,"column":63}},"101":{"start":{"line":182,"column":3},"end":{"line":182,"column":21}},"102":{"start":{"line":183,"column":3},"end":{"line":183,"column":16}},"103":{"start":{"line":186,"column":3},"end":{"line":186,"column":20}}},"fnMap":{"0":{"name":"(anonymous_0)","decl":{"start":{"line":10,"column":21},"end":{"line":10,"column":22}},"loc":{"start":{"line":10,"column":41},"end":{"line":21,"column":1}},"line":10},"1":{"name":"(anonymous_1)","decl":{"start":{"line":14,"column":8},"end":{"line":14,"column":9}},"loc":{"start":{"line":14,"column":20},"end":{"line":16,"column":3}},"line":14},"2":{"name":"(anonymous_2)","decl":{"start":{"line":17,"column":9},"end":{"line":17,"column":10}},"loc":{"start":{"line":17,"column":18},"end":{"line":20,"column":3}},"line":17},"3":{"name":"(anonymous_3)","decl":{"start":{"line":23,"column":19},"end":{"line":23,"column":20}},"loc":{"start":{"line":23,"column":39},"end":{"line":67,"column":1}},"line":23},"4":{"name":"(anonymous_4)","decl":{"start":{"line":29,"column":8},"end":{"line":29,"column":9}},"loc":{"start":{"line":29,"column":18},"end":{"line":62,"column":3}},"line":29},"5":{"name":"(anonymous_5)","decl":{"start":{"line":37,"column":20},"end":{"line":37,"column":21}},"loc":{"start":{"line":37,"column":26},"end":{"line":59,"column":4}},"line":37},"6":{"name":"(anonymous_6)","decl":{"start":{"line":39,"column":11},"end":{"line":39,"column":12}},"loc":{"start":{"line":39,"column":23},"end":{"line":54,"column":6}},"line":39},"7":{"name":"(anonymous_7)","decl":{"start":{"line":47,"column":25},"end":{"line":47,"column":26}},"loc":{"start":{"line":47,"column":31},"end":{"line":52,"column":7}},"line":47},"8":{"name":"(anonymous_8)","decl":{"start":{"line":55,"column":12},"end":{"line":55,"column":13}},"loc":{"start":{"line":55,"column":21},"end":{"line":58,"column":6}},"line":55},"9":{"name":"(anonymous_9)","decl":{"start":{"line":63,"column":9},"end":{"line":63,"column":10}},"loc":{"start":{"line":63,"column":18},"end":{"line":66,"column":3}},"line":63},"10":{"name":"(anonymous_10)","decl":{"start":{"line":69,"column":23},"end":{"line":69,"column":24}},"loc":{"start":{"line":69,"column":43},"end":{"line":84,"column":1}},"line":69},"11":{"name":"(anonymous_11)","decl":{"start":{"line":76,"column":8},"end":{"line":76,"column":9}},"loc":{"start":{"line":76,"column":20},"end":{"line":79,"column":3}},"line":76},"12":{"name":"(anonymous_12)","decl":{"start":{"line":80,"column":9},"end":{"line":80,"column":10}},"loc":{"start":{"line":80,"column":18},"end":{"line":83,"column":3}},"line":80},"13":{"name":"(anonymous_13)","decl":{"start":{"line":86,"column":21},"end":{"line":86,"column":22}},"loc":{"start":{"line":86,"column":41},"end":{"line":110,"column":1}},"line":86},"14":{"name":"(anonymous_14)","decl":{"start":{"line":91,"column":8},"end":{"line":91,"column":9}},"loc":{"start":{"line":91,"column":18},"end":{"line":106,"column":3}},"line":91},"15":{"name":"(anonymous_15)","decl":{"start":{"line":93,"column":20},"end":{"line":93,"column":21}},"loc":{"start":{"line":93,"column":26},"end":{"line":105,"column":4}},"line":93},"16":{"name":"(anonymous_16)","decl":{"start":{"line":95,"column":11},"end":{"line":95,"column":12}},"loc":{"start":{"line":95,"column":23},"end":{"line":100,"column":6}},"line":95},"17":{"name":"(anonymous_17)","decl":{"start":{"line":97,"column":25},"end":{"line":97,"column":26}},"loc":{"start":{"line":97,"column":31},"end":{"line":99,"column":7}},"line":97},"18":{"name":"(anonymous_18)","decl":{"start":{"line":101,"column":12},"end":{"line":101,"column":13}},"loc":{"start":{"line":101,"column":21},"end":{"line":104,"column":6}},"line":101},"19":{"name":"(anonymous_19)","decl":{"start":{"line":107,"column":9},"end":{"line":107,"column":10}},"loc":{"start":{"line":107,"column":18},"end":{"line":109,"column":3}},"line":107},"20":{"name":"(anonymous_20)","decl":{"start":{"line":112,"column":17},"end":{"line":112,"column":18}},"loc":{"start":{"line":112,"column":37},"end":{"line":132,"column":1}},"line":112},"21":{"name":"(anonymous_21)","decl":{"start":{"line":117,"column":8},"end":{"line":117,"column":9}},"loc":{"start":{"line":117,"column":20},"end":{"line":127,"column":3}},"line":117},"22":{"name":"(anonymous_22)","decl":{"start":{"line":128,"column":9},"end":{"line":128,"column":10}},"loc":{"start":{"line":128,"column":18},"end":{"line":131,"column":3}},"line":128},"23":{"name":"(anonymous_23)","decl":{"start":{"line":134,"column":14},"end":{"line":134,"column":15}},"loc":{"start":{"line":134,"column":34},"end":{"line":188,"column":1}},"line":134},"24":{"name":"(anonymous_24)","decl":{"start":{"line":139,"column":8},"end":{"line":139,"column":9}},"loc":{"start":{"line":139,"column":20},"end":{"line":184,"column":3}},"line":139},"25":{"name":"(anonymous_25)","decl":{"start":{"line":143,"column":22},"end":{"line":143,"column":23}},"loc":{"start":{"line":143,"column":27},"end":{"line":150,"column":3}},"line":143},"26":{"name":"(anonymous_26)","decl":{"start":{"line":145,"column":11},"end":{"line":145,"column":12}},"loc":{"start":{"line":145,"column":19},"end":{"line":149,"column":6}},"line":145},"27":{"name":"(anonymous_27)","decl":{"start":{"line":185,"column":9},"end":{"line":185,"column":10}},"loc":{"start":{"line":185,"column":18},"end":{"line":187,"column":3}},"line":185}},"branchMap":{"0":{"loc":{"start":{"line":30,"column":3},"end":{"line":36,"column":4}},"type":"if","locations":[{"start":{"line":30,"column":3},"end":{"line":36,"column":4}},{"start":{"line":30,"column":3},"end":{"line":36,"column":4}}],"line":30},"1":{"loc":{"start":{"line":40,"column":6},"end":{"line":46,"column":7}},"type":"if","locations":[{"start":{"line":40,"column":6},"end":{"line":46,"column":7}},{"start":{"line":40,"column":6},"end":{"line":46,"column":7}}],"line":40},"2":{"loc":{"start":{"line":140,"column":3},"end":{"line":142,"column":4}},"type":"if","locations":[{"start":{"line":140,"column":3},"end":{"line":142,"column":4}},{"start":{"line":140,"column":3},"end":{"line":142,"column":4}}],"line":140},"3":{"loc":{"start":{"line":146,"column":6},"end":{"line":148,"column":7}},"type":"if","locations":[{"start":{"line":146,"column":6},"end":{"line":148,"column":7}},{"start":{"line":146,"column":6},"end":{"line":148,"column":7}}],"line":146}},"s":{"0":1,"1":1,"2":1,"3":1,"4":1,"5":1,"6":1,"7":0,"8":0,"9":0,"10":0,"11":0,"12":1,"13":0,"14":0,"15":0,"16":0,"17":0,"18":0,"19":0,"20":0,"21":0,"22":0,"23":0,"24":0,"25":0,"26":0,"27":0,"28":0,"29":0,"30":0,"31":0,"32":0,"33":0,"34":0,"35":1,"36":0,"37":0,"38":0,"39":0,"40":0,"41":0,"42":0,"43":1,"44":0,"45":0,"46":0,"47":0,"48":0,"49":0,"50":0,"51":0,"52":0,"53":0,"54":0,"55":0,"56":1,"57":0,"58":0,"59":0,"60":0,"61":0,"62":0,"63":0,"64":0,"65":0,"66":0,"67":0,"68":0,"69":0,"70":1,"71":0,"72":0,"73":0,"74":0,"75":0,"76":0,"77":0,"78":0,"79":0,"80":0,"81":0,"82":0,"83":0,"84":0,"85":0,"86":0,"87":0,"88":0,"89":0,"90":0,"91":0,"92":0,"93":0,"94":0,"95":0,"96":0,"97":0,"98":0,"99":0,"100":0,"101":0,"102":0,"103":0},"f":{"0":0,"1":0,"2":0,"3":0,"4":0,"5":0,"6":0,"7":0,"8":0,"9":0,"10":0,"11":0,"12":0,"13":0,"14":0,"15":0,"16":0,"17":0,"18":0,"19":0,"20":0,"21":0,"22":0,"23":0,"24":0,"25":0,"26":0,"27":0},"b":{"0":[0,0],"1":[0,0],"2":[0,0],"3":[0,0]},"_coverageSchema":"1a1c01bbd47fc00a2c39e90264f33305004495a9","hash":"c7f7481bd00988e0fc608a5b230870379c1c65a6"}
,"K:\\coding\\Avinya\\Backend\\controllers\\googleAuth.js": {"path":"K:\\coding\\Avinya\\Backend\\controllers\\googleAuth.js","statementMap":{"0":{"start":{"line":3,"column":15},"end":{"line":3,"column":34}},"1":{"start":{"line":4,"column":12},"end":{"line":4,"column":35}},"2":{"start":{"line":5,"column":13},"end":{"line":5,"column":37}},"3":{"start":{"line":6,"column":16},"end":{"line":6,"column":43}},"4":{"start":{"line":7,"column":25},"end":{"line":7,"column":55}},"5":{"start":{"line":8,"column":13},"end":{"line":8,"column":28}},"6":{"start":{"line":10,"column":15},"end":{"line":10,"column":51}},"7":{"start":{"line":12,"column":0},"end":{"line":67,"column":2}},"8":{"start":{"line":13,"column":21},"end":{"line":13,"column":29}},"9":{"start":{"line":15,"column":1},"end":{"line":15,"column":37}},"10":{"start":{"line":16,"column":1},"end":{"line":66,"column":5}},"11":{"start":{"line":19,"column":43},"end":{"line":19,"column":59}},"12":{"start":{"line":20,"column":3},"end":{"line":20,"column":33}},"13":{"start":{"line":21,"column":3},"end":{"line":62,"column":4}},"14":{"start":{"line":22,"column":18},"end":{"line":22,"column":62}},"15":{"start":{"line":23,"column":4},"end":{"line":23,"column":27}},"16":{"start":{"line":24,"column":4},"end":{"line":24,"column":54}},"17":{"start":{"line":25,"column":4},"end":{"line":25,"column":16}},"18":{"start":{"line":26,"column":10},"end":{"line":62,"column":4}},"19":{"start":{"line":27,"column":4},"end":{"line":61,"column":8}},"20":{"start":{"line":29,"column":6},"end":{"line":57,"column":7}},"21":{"start":{"line":31,"column":7},"end":{"line":48,"column":10}},"22":{"start":{"line":32,"column":24},"end":{"line":38,"column":10}},"23":{"start":{"line":39,"column":8},"end":{"line":47,"column":12}},"24":{"start":{"line":41,"column":10},"end":{"line":43,"column":64}},"25":{"start":{"line":46,"column":10},"end":{"line":46,"column":27}},"26":{"start":{"line":50,"column":7},"end":{"line":56,"column":11}},"27":{"start":{"line":60,"column":6},"end":{"line":60,"column":23}},"28":{"start":{"line":65,"column":3},"end":{"line":65,"column":20}},"29":{"start":{"line":69,"column":0},"end":{"line":133,"column":2}},"30":{"start":{"line":70,"column":21},"end":{"line":70,"column":29}},"31":{"start":{"line":72,"column":1},"end":{"line":72,"column":37}},"32":{"start":{"line":73,"column":1},"end":{"line":132,"column":5}},"33":{"start":{"line":76,"column":43},"end":{"line":76,"column":59}},"34":{"start":{"line":77,"column":3},"end":{"line":77,"column":33}},"35":{"start":{"line":78,"column":3},"end":{"line":128,"column":4}},"36":{"start":{"line":79,"column":18},"end":{"line":79,"column":62}},"37":{"start":{"line":80,"column":4},"end":{"line":80,"column":27}},"38":{"start":{"line":81,"column":4},"end":{"line":81,"column":54}},"39":{"start":{"line":82,"column":4},"end":{"line":82,"column":16}},"40":{"start":{"line":83,"column":10},"end":{"line":128,"column":4}},"41":{"start":{"line":84,"column":4},"end":{"line":127,"column":8}},"42":{"start":{"line":86,"column":6},"end":{"line":123,"column":7}},"43":{"start":{"line":88,"column":7},"end":{"line":94,"column":11}},"44":{"start":{"line":96,"column":28},"end":{"line":103,"column":8}},"45":{"start":{"line":105,"column":29},"end":{"line":112,"column":8}},"46":{"start":{"line":114,"column":7},"end":{"line":122,"column":11}},"47":{"start":{"line":126,"column":6},"end":{"line":126,"column":23}},"48":{"start":{"line":131,"column":3},"end":{"line":131,"column":20}}},"fnMap":{"0":{"name":"(anonymous_0)","decl":{"start":{"line":12,"column":23},"end":{"line":12,"column":24}},"loc":{"start":{"line":12,"column":37},"end":{"line":67,"column":1}},"line":12},"1":{"name":"(anonymous_1)","decl":{"start":{"line":18,"column":8},"end":{"line":18,"column":9}},"loc":{"start":{"line":18,"column":22},"end":{"line":63,"column":3}},"line":18},"2":{"name":"(anonymous_2)","decl":{"start":{"line":28,"column":11},"end":{"line":28,"column":12}},"loc":{"start":{"line":28,"column":21},"end":{"line":58,"column":6}},"line":28},"3":{"name":"(anonymous_3)","decl":{"start":{"line":31,"column":46},"end":{"line":31,"column":47}},"loc":{"start":{"line":31,"column":66},"end":{"line":48,"column":8}},"line":31},"4":{"name":"(anonymous_4)","decl":{"start":{"line":40,"column":15},"end":{"line":40,"column":16}},"loc":{"start":{"line":40,"column":27},"end":{"line":44,"column":10}},"line":40},"5":{"name":"(anonymous_5)","decl":{"start":{"line":45,"column":16},"end":{"line":45,"column":17}},"loc":{"start":{"line":45,"column":25},"end":{"line":47,"column":10}},"line":45},"6":{"name":"(anonymous_6)","decl":{"start":{"line":59,"column":12},"end":{"line":59,"column":13}},"loc":{"start":{"line":59,"column":21},"end":{"line":61,"column":6}},"line":59},"7":{"name":"(anonymous_7)","decl":{"start":{"line":64,"column":9},"end":{"line":64,"column":10}},"loc":{"start":{"line":64,"column":18},"end":{"line":66,"column":3}},"line":64},"8":{"name":"(anonymous_8)","decl":{"start":{"line":69,"column":22},"end":{"line":69,"column":23}},"loc":{"start":{"line":69,"column":36},"end":{"line":133,"column":1}},"line":69},"9":{"name":"(anonymous_9)","decl":{"start":{"line":75,"column":8},"end":{"line":75,"column":9}},"loc":{"start":{"line":75,"column":22},"end":{"line":129,"column":3}},"line":75},"10":{"name":"(anonymous_10)","decl":{"start":{"line":85,"column":11},"end":{"line":85,"column":12}},"loc":{"start":{"line":85,"column":21},"end":{"line":124,"column":6}},"line":85},"11":{"name":"(anonymous_11)","decl":{"start":{"line":125,"column":12},"end":{"line":125,"column":13}},"loc":{"start":{"line":125,"column":21},"end":{"line":127,"column":6}},"line":125},"12":{"name":"(anonymous_12)","decl":{"start":{"line":130,"column":9},"end":{"line":130,"column":10}},"loc":{"start":{"line":130,"column":18},"end":{"line":132,"column":3}},"line":130}},"branchMap":{"0":{"loc":{"start":{"line":21,"column":3},"end":{"line":62,"column":4}},"type":"if","locations":[{"start":{"line":21,"column":3},"end":{"line":62,"column":4}},{"start":{"line":21,"column":3},"end":{"line":62,"column":4}}],"line":21},"1":{"loc":{"start":{"line":26,"column":10},"end":{"line":62,"column":4}},"type":"if","locations":[{"start":{"line":26,"column":10},"end":{"line":62,"column":4}},{"start":{"line":26,"column":10},"end":{"line":62,"column":4}}],"line":26},"2":{"loc":{"start":{"line":29,"column":6},"end":{"line":57,"column":7}},"type":"if","locations":[{"start":{"line":29,"column":6},"end":{"line":57,"column":7}},{"start":{"line":29,"column":6},"end":{"line":57,"column":7}}],"line":29},"3":{"loc":{"start":{"line":78,"column":3},"end":{"line":128,"column":4}},"type":"if","locations":[{"start":{"line":78,"column":3},"end":{"line":128,"column":4}},{"start":{"line":78,"column":3},"end":{"line":128,"column":4}}],"line":78},"4":{"loc":{"start":{"line":83,"column":10},"end":{"line":128,"column":4}},"type":"if","locations":[{"start":{"line":83,"column":10},"end":{"line":128,"column":4}},{"start":{"line":83,"column":10},"end":{"line":128,"column":4}}],"line":83},"5":{"loc":{"start":{"line":86,"column":6},"end":{"line":123,"column":7}},"type":"if","locations":[{"start":{"line":86,"column":6},"end":{"line":123,"column":7}},{"start":{"line":86,"column":6},"end":{"line":123,"column":7}}],"line":86}},"s":{"0":1,"1":1,"2":1,"3":1,"4":1,"5":1,"6":1,"7":1,"8":0,"9":0,"10":0,"11":0,"12":0,"13":0,"14":0,"15":0,"16":0,"17":0,"18":0,"19":0,"20":0,"21":0,"22":0,"23":0,"24":0,"25":0,"26":0,"27":0,"28":0,"29":1,"30":0,"31":0,"32":0,"33":0,"34":0,"35":0,"36":0,"37":0,"38":0,"39":0,"40":0,"41":0,"42":0,"43":0,"44":0,"45":0,"46":0,"47":0,"48":0},"f":{"0":0,"1":0,"2":0,"3":0,"4":0,"5":0,"6":0,"7":0,"8":0,"9":0,"10":0,"11":0,"12":0},"b":{"0":[0,0],"1":[0,0],"2":[0,0],"3":[0,0],"4":[0,0],"5":[0,0]},"_coverageSchema":"1a1c01bbd47fc00a2c39e90264f33305004495a9","hash":"ae7fc404597126806addc5688514bce30c171420"}
,"K:\\coding\\Avinya\\Backend\\controllers\\homepage.js": {"path":"K:\\coding\\Avinya\\Backend\\controllers\\homepage.js","statementMap":{"0":{"start":{"line":3,"column":15},"end":{"line":3,"column":42}},"1":{"start":{"line":4,"column":13},"end":{"line":4,"column":37}},"2":{"start":{"line":6,"column":0},"end":{"line":15,"column":2}},"3":{"start":{"line":7,"column":1},"end":{"line":14,"column":5}},"4":{"start":{"line":10,"column":3},"end":{"line":10,"column":44}},"5":{"start":{"line":13,"column":3},"end":{"line":13,"column":20}},"6":{"start":{"line":19,"column":0},"end":{"line":44,"column":2}},"7":{"start":{"line":20,"column":18},"end":{"line":20,"column":35}},"8":{"start":{"line":23,"column":1},"end":{"line":31,"column":5}},"9":{"start":{"line":26,"column":3},"end":{"line":26,"column":45}},"10":{"start":{"line":29,"column":3},"end":{"line":29,"column":20}},"11":{"start":{"line":30,"column":3},"end":{"line":30,"column":46}},"12":{"start":{"line":46,"column":0},"end":{"line":78,"column":2}},"13":{"start":{"line":47,"column":18},"end":{"line":47,"column":35}},"14":{"start":{"line":48,"column":1},"end":{"line":77,"column":2}},"15":{"start":{"line":49,"column":17},"end":{"line":49,"column":32}},"16":{"start":{"line":50,"column":20},"end":{"line":50,"column":22}},"17":{"start":{"line":51,"column":21},"end":{"line":51,"column":22}},"18":{"start":{"line":53,"column":2},"end":{"line":76,"column":6}},"19":{"start":{"line":58,"column":4},"end":{"line":71,"column":7}},"20":{"start":{"line":59,"column":5},"end":{"line":70,"column":9}},"21":{"start":{"line":61,"column":7},"end":{"line":61,"column":22}},"22":{"start":{"line":62,"column":7},"end":{"line":62,"column":35}},"23":{"start":{"line":64,"column":7},"end":{"line":66,"column":8}},"24":{"start":{"line":65,"column":8},"end":{"line":65,"column":54}},"25":{"start":{"line":69,"column":7},"end":{"line":69,"column":24}},"26":{"start":{"line":75,"column":4},"end":{"line":75,"column":21}},"27":{"start":{"line":82,"column":0},"end":{"line":96,"column":2}},"28":{"start":{"line":83,"column":26},"end":{"line":83,"column":43}},"29":{"start":{"line":84,"column":16},"end":{"line":84,"column":31}},"30":{"start":{"line":85,"column":1},"end":{"line":95,"column":5}},"31":{"start":{"line":87,"column":3},"end":{"line":87,"column":39}},"32":{"start":{"line":88,"column":3},"end":{"line":88,"column":15}},"33":{"start":{"line":90,"column":3},"end":{"line":90,"column":64}},"34":{"start":{"line":93,"column":3},"end":{"line":93,"column":20}},"35":{"start":{"line":94,"column":3},"end":{"line":94,"column":15}}},"fnMap":{"0":{"name":"(anonymous_0)","decl":{"start":{"line":6,"column":21},"end":{"line":6,"column":22}},"loc":{"start":{"line":6,"column":35},"end":{"line":15,"column":1}},"line":6},"1":{"name":"(anonymous_1)","decl":{"start":{"line":8,"column":8},"end":{"line":8,"column":9}},"loc":{"start":{"line":8,"column":20},"end":{"line":11,"column":3}},"line":8},"2":{"name":"(anonymous_2)","decl":{"start":{"line":12,"column":9},"end":{"line":12,"column":10}},"loc":{"start":{"line":12,"column":18},"end":{"line":14,"column":3}},"line":12},"3":{"name":"(anonymous_3)","decl":{"start":{"line":19,"column":23},"end":{"line":19,"column":24}},"loc":{"start":{"line":19,"column":37},"end":{"line":44,"column":1}},"line":19},"4":{"name":"(anonymous_4)","decl":{"start":{"line":24,"column":8},"end":{"line":24,"column":9}},"loc":{"start":{"line":24,"column":21},"end":{"line":27,"column":3}},"line":24},"5":{"name":"(anonymous_5)","decl":{"start":{"line":28,"column":9},"end":{"line":28,"column":10}},"loc":{"start":{"line":28,"column":18},"end":{"line":31,"column":3}},"line":28},"6":{"name":"(anonymous_6)","decl":{"start":{"line":46,"column":28},"end":{"line":46,"column":29}},"loc":{"start":{"line":46,"column":48},"end":{"line":78,"column":1}},"line":46},"7":{"name":"(anonymous_7)","decl":{"start":{"line":54,"column":9},"end":{"line":54,"column":10}},"loc":{"start":{"line":54,"column":19},"end":{"line":72,"column":4}},"line":54},"8":{"name":"(anonymous_8)","decl":{"start":{"line":58,"column":29},"end":{"line":58,"column":30}},"loc":{"start":{"line":58,"column":45},"end":{"line":71,"column":5}},"line":58},"9":{"name":"(anonymous_9)","decl":{"start":{"line":60,"column":12},"end":{"line":60,"column":13}},"loc":{"start":{"line":60,"column":24},"end":{"line":67,"column":7}},"line":60},"10":{"name":"(anonymous_10)","decl":{"start":{"line":68,"column":13},"end":{"line":68,"column":14}},"loc":{"start":{"line":68,"column":22},"end":{"line":70,"column":7}},"line":68},"11":{"name":"(anonymous_11)","decl":{"start":{"line":74,"column":10},"end":{"line":74,"column":11}},"loc":{"start":{"line":74,"column":19},"end":{"line":76,"column":4}},"line":74},"12":{"name":"(anonymous_12)","decl":{"start":{"line":82,"column":25},"end":{"line":82,"column":26}},"loc":{"start":{"line":82,"column":45},"end":{"line":96,"column":1}},"line":82},"13":{"name":"(anonymous_13)","decl":{"start":{"line":86,"column":8},"end":{"line":86,"column":9}},"loc":{"start":{"line":86,"column":18},"end":{"line":91,"column":3}},"line":86},"14":{"name":"(anonymous_14)","decl":{"start":{"line":92,"column":9},"end":{"line":92,"column":10}},"loc":{"start":{"line":92,"column":18},"end":{"line":95,"column":3}},"line":92}},"branchMap":{"0":{"loc":{"start":{"line":48,"column":1},"end":{"line":77,"column":2}},"type":"if","locations":[{"start":{"line":48,"column":1},"end":{"line":77,"column":2}},{"start":{"line":48,"column":1},"end":{"line":77,"column":2}}],"line":48},"1":{"loc":{"start":{"line":64,"column":7},"end":{"line":66,"column":8}},"type":"if","locations":[{"start":{"line":64,"column":7},"end":{"line":66,"column":8}},{"start":{"line":64,"column":7},"end":{"line":66,"column":8}}],"line":64}},"s":{"0":1,"1":1,"2":1,"3":0,"4":0,"5":0,"6":1,"7":0,"8":0,"9":0,"10":0,"11":0,"12":1,"13":0,"14":0,"15":0,"16":0,"17":0,"18":0,"19":0,"20":0,"21":0,"22":0,"23":0,"24":0,"25":0,"26":0,"27":1,"28":0,"29":0,"30":0,"31":0,"32":0,"33":0,"34":0,"35":0},"f":{"0":0,"1":0,"2":0,"3":0,"4":0,"5":0,"6":0,"7":0,"8":0,"9":0,"10":0,"11":0,"12":0,"13":0,"14":0},"b":{"0":[0,0],"1":[0,0]},"_coverageSchema":"1a1c01bbd47fc00a2c39e90264f33305004495a9","hash":"10ae06e3f0dc46177527eec3e68763e150fb5350"}
,"K:\\coding\\Avinya\\Backend\\controllers\\stripe.js": {"path":"K:\\coding\\Avinya\\Backend\\controllers\\stripe.js","statementMap":{"0":{"start":{"line":3,"column":16},"end":{"line":3,"column":43}},"1":{"start":{"line":4,"column":15},"end":{"line":4,"column":55}},"2":{"start":{"line":5,"column":15},"end":{"line":5,"column":42}},"3":{"start":{"line":7,"column":0},"end":{"line":16,"column":2}},"4":{"start":{"line":8,"column":18},"end":{"line":8,"column":37}},"5":{"start":{"line":9,"column":1},"end":{"line":15,"column":5}},"6":{"start":{"line":11,"column":3},"end":{"line":11,"column":44}},"7":{"start":{"line":14,"column":3},"end":{"line":14,"column":20}},"8":{"start":{"line":18,"column":0},"end":{"line":44,"column":2}},"9":{"start":{"line":19,"column":22},"end":{"line":19,"column":30}},"10":{"start":{"line":20,"column":1},"end":{"line":20,"column":25}},"11":{"start":{"line":22,"column":1},"end":{"line":43,"column":5}},"12":{"start":{"line":31,"column":3},"end":{"line":31,"column":25}},"13":{"start":{"line":32,"column":3},"end":{"line":35,"column":6}},"14":{"start":{"line":38,"column":3},"end":{"line":38,"column":20}},"15":{"start":{"line":39,"column":3},"end":{"line":42,"column":6}}},"fnMap":{"0":{"name":"(anonymous_0)","decl":{"start":{"line":7,"column":23},"end":{"line":7,"column":24}},"loc":{"start":{"line":7,"column":37},"end":{"line":16,"column":1}},"line":7},"1":{"name":"(anonymous_1)","decl":{"start":{"line":10,"column":8},"end":{"line":10,"column":9}},"loc":{"start":{"line":10,"column":20},"end":{"line":12,"column":3}},"line":10},"2":{"name":"(anonymous_2)","decl":{"start":{"line":13,"column":9},"end":{"line":13,"column":10}},"loc":{"start":{"line":13,"column":18},"end":{"line":15,"column":3}},"line":13},"3":{"name":"(anonymous_3)","decl":{"start":{"line":18,"column":24},"end":{"line":18,"column":25}},"loc":{"start":{"line":18,"column":38},"end":{"line":44,"column":1}},"line":18},"4":{"name":"(anonymous_4)","decl":{"start":{"line":30,"column":8},"end":{"line":30,"column":9}},"loc":{"start":{"line":30,"column":22},"end":{"line":36,"column":3}},"line":30},"5":{"name":"(anonymous_5)","decl":{"start":{"line":37,"column":9},"end":{"line":37,"column":10}},"loc":{"start":{"line":37,"column":18},"end":{"line":43,"column":3}},"line":37}},"branchMap":{},"s":{"0":1,"1":1,"2":1,"3":1,"4":0,"5":0,"6":0,"7":0,"8":1,"9":0,"10":0,"11":0,"12":0,"13":0,"14":0,"15":0},"f":{"0":0,"1":0,"2":0,"3":0,"4":0,"5":0},"b":{},"_coverageSchema":"1a1c01bbd47fc00a2c39e90264f33305004495a9","hash":"31896d4fddaf675b6541466f1637dd3f5505a049"}
,"K:\\coding\\Avinya\\Backend\\controllers\\teacher.js": {"path":"K:\\coding\\Avinya\\Backend\\controllers\\teacher.js","statementMap":{"0":{"start":{"line":3,"column":15},"end":{"line":3,"column":42}},"1":{"start":{"line":5,"column":0},"end":{"line":47,"column":2}},"2":{"start":{"line":7,"column":18},"end":{"line":7,"column":31}},"3":{"start":{"line":8,"column":16},"end":{"line":8,"column":28}},"4":{"start":{"line":18,"column":5},"end":{"line":18,"column":13}},"5":{"start":{"line":20,"column":1},"end":{"line":20,"column":28}},"6":{"start":{"line":22,"column":16},"end":{"line":34,"column":3}},"7":{"start":{"line":36,"column":1},"end":{"line":46,"column":5}},"8":{"start":{"line":39,"column":3},"end":{"line":39,"column":23}},"9":{"start":{"line":40,"column":3},"end":{"line":42,"column":73}},"10":{"start":{"line":45,"column":3},"end":{"line":45,"column":20}},"11":{"start":{"line":49,"column":0},"end":{"line":75,"column":2}},"12":{"start":{"line":50,"column":18},"end":{"line":50,"column":37}},"13":{"start":{"line":51,"column":1},"end":{"line":51,"column":24}},"14":{"start":{"line":52,"column":16},"end":{"line":52,"column":25}},"15":{"start":{"line":54,"column":20},"end":{"line":54,"column":22}},"16":{"start":{"line":56,"column":1},"end":{"line":74,"column":5}},"17":{"start":{"line":58,"column":3},"end":{"line":65,"column":6}},"18":{"start":{"line":59,"column":32},"end":{"line":62,"column":5}},"19":{"start":{"line":63,"column":4},"end":{"line":63,"column":48}},"20":{"start":{"line":64,"column":4},"end":{"line":64,"column":45}},"21":{"start":{"line":66,"column":3},"end":{"line":66,"column":29}},"22":{"start":{"line":67,"column":3},"end":{"line":67,"column":38}},"23":{"start":{"line":68,"column":3},"end":{"line":70,"column":6}},"24":{"start":{"line":69,"column":4},"end":{"line":69,"column":70}},"25":{"start":{"line":73,"column":3},"end":{"line":73,"column":20}},"26":{"start":{"line":77,"column":0},"end":{"line":103,"column":2}},"27":{"start":{"line":78,"column":16},"end":{"line":78,"column":31}},"28":{"start":{"line":79,"column":17},"end":{"line":79,"column":33}},"29":{"start":{"line":80,"column":18},"end":{"line":80,"column":35}},"30":{"start":{"line":81,"column":1},"end":{"line":81,"column":22}},"31":{"start":{"line":82,"column":1},"end":{"line":102,"column":5}},"32":{"start":{"line":84,"column":3},"end":{"line":95,"column":6}},"33":{"start":{"line":85,"column":4},"end":{"line":85,"column":23}},"34":{"start":{"line":86,"column":4},"end":{"line":92,"column":5}},"35":{"start":{"line":87,"column":5},"end":{"line":89,"column":6}},"36":{"start":{"line":88,"column":6},"end":{"line":88,"column":38}},"37":{"start":{"line":90,"column":5},"end":{"line":90,"column":34}},"38":{"start":{"line":91,"column":5},"end":{"line":91,"column":18}},"39":{"start":{"line":93,"column":4},"end":{"line":93,"column":16}},"40":{"start":{"line":94,"column":4},"end":{"line":94,"column":23}},"41":{"start":{"line":96,"column":3},"end":{"line":96,"column":17}},"42":{"start":{"line":97,"column":3},"end":{"line":97,"column":36}},"43":{"start":{"line":98,"column":3},"end":{"line":98,"column":43}},"44":{"start":{"line":101,"column":3},"end":{"line":101,"column":20}},"45":{"start":{"line":105,"column":0},"end":{"line":114,"column":2}},"46":{"start":{"line":106,"column":1},"end":{"line":106,"column":26}},"47":{"start":{"line":107,"column":1},"end":{"line":113,"column":5}},"48":{"start":{"line":109,"column":3},"end":{"line":109,"column":42}},"49":{"start":{"line":112,"column":3},"end":{"line":112,"column":20}},"50":{"start":{"line":116,"column":0},"end":{"line":126,"column":2}},"51":{"start":{"line":117,"column":18},"end":{"line":117,"column":35}},"52":{"start":{"line":119,"column":1},"end":{"line":125,"column":5}},"53":{"start":{"line":121,"column":3},"end":{"line":121,"column":68}},"54":{"start":{"line":124,"column":3},"end":{"line":124,"column":20}},"55":{"start":{"line":129,"column":0},"end":{"line":139,"column":2}},"56":{"start":{"line":130,"column":18},"end":{"line":130,"column":35}},"57":{"start":{"line":132,"column":1},"end":{"line":138,"column":5}},"58":{"start":{"line":134,"column":3},"end":{"line":134,"column":36}},"59":{"start":{"line":137,"column":3},"end":{"line":137,"column":20}},"60":{"start":{"line":141,"column":0},"end":{"line":176,"column":2}},"61":{"start":{"line":142,"column":1},"end":{"line":142,"column":23}},"62":{"start":{"line":143,"column":18},"end":{"line":143,"column":35}},"63":{"start":{"line":144,"column":15},"end":{"line":144,"column":29}},"64":{"start":{"line":145,"column":18},"end":{"line":145
[...]
":{"line":58,"column":19}},"loc":{"start":{"line":58,"column":29},"end":{"line":65,"column":4}},"line":58},"6":{"name":"(anonymous_6)","decl":{"start":{"line":68,"column":22},"end":{"line":68,"column":23}},"loc":{"start":{"line":68,"column":34},"end":{"line":70,"column":4}},"line":68},"7":{"name":"(anonymous_7)","decl":{"start":{"line":72,"column":9},"end":{"line":72,"column":10}},"loc":{"start":{"line":72,"column":18},"end":{"line":74,"column":3}},"line":72},"8":{"name":"(anonymous_8)","decl":{"start":{"line":77,"column":25},"end":{"line":77,"column":26}},"loc":{"start":{"line":77,"column":45},"end":{"line":103,"column":1}},"line":77},"9":{"name":"(anonymous_9)","decl":{"start":{"line":83,"column":8},"end":{"line":83,"column":9}},"loc":{"start":{"line":83,"column":20},"end":{"line":99,"column":3}},"line":83},"10":{"name":"(anonymous_10)","decl":{"start":{"line":84,"column":29},"end":{"line":84,"column":30}},"loc":{"start":{"line":84,"column":40},"end":{"line":95,"column":4}},"line":84},"11":{"name":"(anonymous_11)","decl":{"start":{"line":100,"column":9},"end":{"line":100,"column":10}},"loc":{"start":{"line":100,"column":18},"end":{"line":102,"column":3}},"line":100},"12":{"name":"(anonymous_12)","decl":{"start":{"line":105,"column":22},"end":{"line":105,"column":23}},"loc":{"start":{"line":105,"column":42},"end":{"line":114,"column":1}},"line":105},"13":{"name":"(anonymous_13)","decl":{"start":{"line":108,"column":8},"end":{"line":108,"column":9}},"loc":{"start":{"line":108,"column":20},"end":{"line":110,"column":3}},"line":108},"14":{"name":"(anonymous_14)","decl":{"start":{"line":111,"column":9},"end":{"line":111,"column":10}},"loc":{"start":{"line":111,"column":18},"end":{"line":113,"column":3}},"line":111},"15":{"name":"(anonymous_15)","decl":{"start":{"line":116,"column":23},"end":{"line":116,"column":24}},"loc":{"start":{"line":116,"column":43},"end":{"line":126,"column":1}},"line":116},"16":{"name":"(anonymous_16)","decl":{"start":{"line":120,"column":8},"end":{"line":120,"column":9}},"loc":{"start":{"line":120,"column":20},"end":{"line":122,"column":3}},"line":120},"17":{"name":"(anonymous_17)","decl":{"start":{"line":123,"column":9},"end":{"line":123,"column":10}},"loc":{"start":{"line":123,"column":18},"end":{"line":125,"column":3}},"line":123},"18":{"name":"(anonymous_18)","decl":{"start":{"line":129,"column":21},"end":{"line":129,"column":22}},"loc":{"start":{"line":129,"column":41},"end":{"line":139,"column":1}},"line":129},"19":{"name":"(anonymous_19)","decl":{"start":{"line":133,"column":8},"end":{"line":133,"column":9}},"loc":{"start":{"line":133,"column":20},"end":{"line":135,"column":3}},"line":133},"20":{"name":"(anonymous_20)","decl":{"start":{"line":136,"column":9},"end":{"line":136,"column":10}},"loc":{"start":{"line":136,"column":18},"end":{"line":138,"column":3}},"line":136},"21":{"name":"(anonymous_21)","decl":{"start":{"line":141,"column":23},"end":{"line":141,"column":24}},"loc":{"start":{"line":141,"column":43},"end":{"line":176,"column":1}},"line":141},"22":{"name":"(anonymous_22)","decl":{"start":{"line":156,"column":8},"end":{"line":156,"column":9}},"loc":{"start":{"line":156,"column":20},"end":{"line":172,"column":3}},"line":156},"23":{"name":"(anonymous_23)","decl":{"start":{"line":173,"column":9},"end":{"line":173,"column":10}},"loc":{"start":{"line":173,"column":18},"end":{"line":175,"column":3}},"line":173}},"branchMap":{"0":{"loc":{"start":{"line":86,"column":4},"end":{"line":92,"column":5}},"type":"if","locations":[{"start":{"line":86,"column":4},"end":{"line":92,"column":5}},{"start":{"line":86,"column":4},"end":{"line":92,"column":5}}],"line":86},"1":{"loc":{"start":{"line":87,"column":5},"end":{"line":89,"column":6}},"type":"if","locations":[{"start":{"line":87,"column":5},"end":{"line":89,"column":6}},{"start":{"line":87,"column":5},"end":{"line":89,"column":6}}],"line":87}},"s":{"0":1,"1":1,"2":0,"3":0,"4":0,"5":0,"6":0,"7":0,"8":0,"9":0,"10":0,"11":1,"12":0,"13":0,"14":0,"15":0,"16":0,"17":0,"18":0,"19":0,"20":0,"21":0,"22":0,"23":0,"24":0,"25":0,"26":1,"27":0,"28":0,"29":0,"30":0,"31":0,"32":0,"33":0,"34":0,"35":0,"36":0,"37":0,"38":0,"39":0,"40":0,"41":0,"42":0,"43":0,"44":0,"45":1,"46":0,"47":0,"48":0,"49":0,"50":1,"51":0,"52":0,"53":0,"54":0,"55":1,"56":0,"57":0,"58":0,"59":0,"60":1,"61":0,"62":0,"63":0,"64":0,"65":0,"66":0,"67":0,"68":0,"69":0,"70":0,"71":0,"72":0,"73":0,"74":0,"75":0,"76":0,"77":0,"78":0,"79":0,"80":0,"81":0,"82":0,"83":0,"84":0},"f":{"0":0,"1":0,"2":0,"3":0,"4":0,"5":0,"6":0,"7":0,"8":0,"9":0,"10":0,"11":0,"12":0,"13":0,"14":0,"15":0,"16":0,"17":0,"18":0,"19":0,"20":0,"21":0,"22":0,"23":0},"b":{"0":[0,0],"1":[0,0]},"_coverageSchema":"1a1c01bbd47fc00a2c39e90264f33305004495a9","hash":"1a4b7a7a026986d7d6b57053c99778ee099248c8"}
,"K:\\coding\\Avinya\\Backend\\model\\courses.js": {"path":"K:\\coding\\Avinya\\Backend\\model\\courses.js","statementMap":{"0":{"start":{"line":3,"column":17},"end":{"line":3,"column":36}},"1":{"start":{"line":4,"column":15},"end":{"line":4,"column":30}},"2":{"start":{"line":6,"column":21},"end":{"line":93,"column":1}},"3":{"start":{"line":95,"column":0},"end":{"line":95,"column":56}}},"fnMap":{},"branchMap":{},"s":{"0":1,"1":1,"2":1,"3":1},"f":{},"b":{},"_coverageSchema":"1a1c01bbd47fc00a2c39e90264f33305004495a9","hash":"7915119e79aa291e700290b1918d52b2f87c82e7"}
,"K:\\coding\\Avinya\\Backend\\model\\otp.js": {"path":"K:\\coding\\Avinya\\Backend\\model\\otp.js","statementMap":{"0":{"start":{"line":3,"column":17},"end":{"line":3,"column":36}},"1":{"start":{"line":4,"column":15},"end":{"line":4,"column":30}},"2":{"start":{"line":6,"column":17},"end":{"line":18,"column":2}},"3":{"start":{"line":20,"column":0},"end":{"line":20,"column":49}}},"fnMap":{},"branchMap":{},"s":{"0":1,"1":1,"2":1,"3":1},"f":{},"b":{},"_coverageSchema":"1a1c01bbd47fc00a2c39e90264f33305004495a9","hash":"85393bab776a2782cef644531d1c8f740d1b75aa"}
,"K:\\coding\\Avinya\\Backend\\model\\user.js": {"path":"K:\\coding\\Avinya\\Backend\\model\\user.js","statementMap":{"0":{"start":{"line":3,"column":17},"end":{"line":3,"column":36}},"1":{"start":{"line":4,"column":15},"end":{"line":4,"column":30}},"2":{"start":{"line":6,"column":19},"end":{"line":51,"column":2}},"3":{"start":{"line":53,"column":0},"end":{"line":53,"column":52}}},"fnMap":{},"branchMap":{},"s":{"0":1,"1":1,"2":1,"3":1},"f":{},"b":{},"_coverageSchema":"1a1c01bbd47fc00a2c39e90264f33305004495a9","hash":"47a4677ac5f0d437f09f10abd2daa9a841061288"}
,"K:\\coding\\Avinya\\Backend\\routes\\auth.js": {"path":"K:\\coding\\Avinya\\Backend\\routes\\auth.js","statementMap":{"0":{"start":{"line":3,"column":16},"end":{"line":3,"column":34}},"1":{"start":{"line":4,"column":23},"end":{"line":4,"column":53}},"2":{"start":{"line":5,"column":25},"end":{"line":5,"column":61}},"3":{"start":{"line":6,"column":18},"end":{"line":6,"column":46}},"4":{"start":{"line":7,"column":13},"end":{"line":7,"column":49}},"5":{"start":{"line":8,"column":15},"end":{"line":8,"column":31}},"6":{"start":{"line":9,"column":13},"end":{"line":9,"column":37}},"7":{"start":{"line":11,"column":0},"end":{"line":30,"column":2}},"8":{"start":{"line":18,"column":4},"end":{"line":22,"column":7}},"9":{"start":{"line":19,"column":5},"end":{"line":21,"column":6}},"10":{"start":{"line":20,"column":6},"end":{"line":20,"column":53}},"11":{"start":{"line":32,"column":0},"end":{"line":47,"column":2}},"12":{"start":{"line":39,"column":4},"end":{"line":43,"column":7}},"13":{"start":{"line":40,"column":5},"end":{"line":42,"column":6}},"14":{"start":{"line":41,"column":6},"end":{"line":41,"column":60}},"15":{"start":{"line":49,"column":0},"end":{"line":49,"column":59}},"16":{"start":{"line":50,"column":0},"end":{"line":50,"column":62}},"17":{"start":{"line":51,"column":0},"end":{"line":51,"column":60}},"18":{"start":{"line":52,"column":0},"end":{"line":52,"column":69}},"19":{"start":{"line":53,"column":0},"end":{"line":53,"column":66}},"20":{"start":{"line":57,"column":0},"end":{"line":57,"column":59}},"21":{"start":{"line":58,"column":0},"end":{"line":58,"column":61}},"22":{"start":{"line":61,"column":0},"end":{"line":61,"column":52}},"23":{"start":{"line":63,"column":0},"end":{"line":63,"column":24}}},"fnMap":{"0":{"name":"(anonymous_0)","decl":{"start":{"line":17,"column":11},"end":{"line":17,"column":12}},"loc":{"start":{"line":17,"column":31},"end":{"line":23,"column":4}},"line":17},"1":{"name":"(anonymous_1)","decl":{"start":{"line":18,"column":47},"end":{"line":18,"column":48}},"loc":{"start":{"line":18,"column":57},"end":{"line":22,"column":5}},"line":18},"2":{"name":"(anonymous_2)","decl":{"start":{"line":38,"column":11},"end":{"line":38,"column":12}},"loc":{"start":{"line":38,"column":31},"end":{"line":44,"column":4}},"line":38},"3":{"name":"(anonymous_3)","decl":{"start":{"line":39,"column":47},"end":{"line":39,"column":48}},"loc":{"start":{"line":39,"column":57},"end":{"line":43,"column":5}},"line":39}},"branchMap":{"0":{"loc":{"start":{"line":19,"column":5},"end":{"line":21,"column":6}},"type":"if","locations":[{"start":{"line":19,"column":5},"end":{"line":21,"column":6}},{"start":{"line":19,"column":5},"end":{"line":21,"column":6}}],"line":19},"1":{"loc":{"start":{"line":40,"column":5},"end":{"line":42,"column":6}},"type":"if","locations":[{"start":{"line":40,"column":5},"end":{"line":42,"column":6}},{"start":{"line":40,"column":5},"end":{"line":42,"column":6}}],"line":40}},"s":{"0":1,"1":1,"2":1,"3":1,"4":1,"5":1,"6":1,"7":1,"8":0,"9":0,"10":0,"11":1,"12":0,"13":0,"14":0,"15":1,"16":1,"17":1,"18":1,"19":1,"20":1,"21":1,"22":1,"23":1},"f":{"0":0,"1":0,"2":0,"3":0},"b":{"0":[0,0],"1":[0,0]},"_coverageSchema":"1a1c01bbd47fc00a2c39e90264f33305004495a9","hash":"18c533626d01d22485a4c76ab34bc63856cd3074"}
,"K:\\coding\\Avinya\\Backend\\routes\\coursepage.js": {"path":"K:\\coding\\Avinya\\Backend\\routes\\coursepage.js","statementMap":{"0":{"start":{"line":3,"column":16},"end":{"line":3,"column":34}},"1":{"start":{"line":4,"column":15},"end":{"line":4,"column":31}},"2":{"start":{"line":6,"column":25},"end":{"line":6,"column":61}},"3":{"start":{"line":7,"column":13},"end":{"line":7,"column":49}},"4":{"start":{"line":9,"column":0},"end":{"line":13,"column":2}},"5":{"start":{"line":14,"column":0},"end":{"line":18,"column":2}},"6":{"start":{"line":19,"column":0},"end":{"line":23,"column":2}},"7":{"start":{"line":24,"column":0},"end":{"line":24,"column":77}},"8":{"start":{"line":25,"column":0},"end":{"line":25,"column":68}},"9":{"start":{"line":26,"column":0},"end":{"line":26,"column":60}},"10":{"start":{"line":28,"column":0},"end":{"line":28,"column":24}}},"fnMap":{},"branchMap":{},"s":{"0":1,"1":1,"2":1,"3":1,"4":1,"5":1,"6":1,"7":1,"8":1,"9":1,"10":1},"f":{},"b":{},"_coverageSchema":"1a1c01bbd47fc00a2c39e90264f33305004495a9","hash":"125c690ec47f6a5e3a88f2bd54a5801febbe0978"}
,"K:\\coding\\Avinya\\Backend\\routes\\homepage.js": {"path":"K:\\coding\\Avinya\\Backend\\routes\\homepage.js","statementMap":{"0":{"start":{"line":3,"column":16},"end":{"line":3,"column":34}},"1":{"start":{"line":4,"column":15},"end":{"line":4,"column":31}},"2":{"start":{"line":6,"column":23},"end":{"line":6,"column":57}},"3":{"start":{"line":7,"column":13},"end":{"line":7,"column":49}},"4":{"start":{"line":9,"column":0},"end":{"line":9,"column":58}},"5":{"start":{"line":10,"column":0},"end":{"line":10,"column":57}},"6":{"start":{"line":11,"column":0},"end":{"line":15,"column":2}},"7":{"start":{"line":16,"column":0},"end":{"line":20,"column":2}},"8":{"start":{"line":22,"column":0},"end":{"line":22,"column":24}}},"fnMap":{},"branchMap":{},"s":{"0":1,"1":1,"2":1,"3":1,"4":1,"5":1,"6":1,"7":1,"8":1},"f":{},"b":{},"_coverageSchema":"1a1c01bbd47fc00a2c39e90264f33305004495a9","hash":"6733a2fbeb3f3b19b8a3a1101f50248abbe92096"}
,"K:\\coding\\Avinya\\Backend\\routes\\stripe.js": {"path":"K:\\coding\\Avinya\\Backend\\routes\\stripe.js","statementMap":{"0":{"start":{"line":3,"column":16},"end":{"line":3,"column":34}},"1":{"start":{"line":4,"column":15},"end":{"line":4,"column":31}},"2":{"start":{"line":5,"column":25},"end":{"line":5,"column":57}},"3":{"start":{"line":6,"column":13},"end":{"line":6,"column":49}},"4":{"start":{"line":8,"column":0},"end":{"line":12,"column":2}},"5":{"start":{"line":13,"column":0},"end":{"line":17,"column":2}},"6":{"start":{"line":19,"column":0},"end":{"line":19,"column":24}}},"fnMap":{},"branchMap":{},"s":{"0":1,"1":1,"2":1,"3":1,"4":1,"5":1,"6":1},"f":{},"b":{},"_coverageSchema":"1a1c01bbd47fc00a2c39e90264f33305004495a9","hash":"ad7591b99f33bf2b0a8915b4abd3e20d4cf60c70"}
,"K:\\coding\\Avinya\\Backend\\routes\\teacher.js": {"path":"K:\\coding\\Avinya\\Backend\\routes\\teacher.js","statementMap":{"0":{"start":{"line":3,"column":16},"end":{"line":3,"column":34}},"1":{"start":{"line":4,"column":15},"end":{"line":4,"column":31}},"2":{"start":{"line":5,"column":15},"end":{"line":5,"column":32}},"3":{"start":{"line":6,"column":26},"end":{"line":6,"column":59}},"4":{"start":{"line":7,"column":13},"end":{"line":7,"column":49}},"5":{"start":{"line":9,"column":25},"end":{"line":16,"column":2}},"6":{"start":{"line":11,"column":2},"end":{"line":11,"column":21}},"7":{"start":{"line":14,"column":2},"end":{"line":14,"column":64}},"8":{"start":{"line":18,"column":24},"end":{"line":29,"column":1}},"9":{"start":{"line":19,"column":1},"end":{"line":28,"column":2}},"10":{"start":{"line":24,"column":2},"end":{"line":24,"column":17}},"11":{"start":{"line":26,"column":2},"end":{"line":26,"column":18}},"12":{"start":{"line":27,"column":2},"end":{"line":27,"column":33}},"13":{"start":{"line":31,"column":25},"end":{"line":39,"column":2}},"14":{"start":{"line":33,"column":2},"end":{"line":33,"column":21}},"15":{"start":{"line":36,"column":22},"end":{"line":36,"column":32}},"16":{"start":{"line":37,"column":2},"end":{"line":37,"column":65}},"17":{"start":{"line":41,"column":24},"end":{"line":48,"column":1}},"18":{"start":{"line":42,"column":1},"end":{"line":47,"column":2}},"19":{"start":{"line":43,"column":2},"end":{"line":43,"column":17}},"20":{"start":{"line":45,"column":2},"end":{"line":45,"column":18}},"21":{"start":{"line":46,"column":2},"end":{"line":46,"column":33}},"22":{"start":{"line":50,"column":20},"end":{"line":53,"column":18}},"23":{"start":{"line":54,"column":20},"end":{"line":57,"column":8}},"24":{"start":{"line":59,"column":0},"end":{"line":63,"column":2}},"25":{"start":{"line":64,"column":0},"end":{"line":68,"column":2}},"26":{"start":{"line":69,"column":0},"end":{"line":73,"column":2}},"27":{"start":{"line":74,"column":0},"end":{"line":78,"column":2}},"28":{"start":{"line":79,"column":0},"end":{"line":79,"column":79}},"29":{"start":{"line":80,"column":0},"end":{"line":80,"column":74}},"30":{"start":{"line":81,"column":0},"end":{"line":81,"column":64}},"31":{"start":{"line":83,"column":0},"end":{"line":83,"column":24}}},"fnMap":{"0":{"name":"(anonymous_0)","decl":{"start":{"line":10,"column":14},"end":{"line":10,"column":15}},"loc":{"start":{"line":10,"column":33},"end":{"line":12,"column":2}},"line":10},"1":{"name":"(anonymous_1)","decl":{"start":{"line":13,"column":11},"end":{"line":13,"column":12}},"loc":{"start":{"line":13,"column":30},"end":{"line":15,"column":2}},"line":13},"2":{"name":"(anonymous_2)","decl":{"start":{"line":18,"column":24},"end":{"line":18,"column":25}},"loc":{"start":{"line":18,"column":43},"end":{"line":29,"column":1}},"line":18},"3":{"name":"(anonymous_3)","decl":{"start":{"line":32,"column":14},"end":{"line":32,"column":15}},"loc":{"start":{"line":32,"column":33},"end":{"line":34,"column":2}},"line":32},"4":{"name":"(anonymous_4)","decl":{"start":{"line":35,"column":11},"end":{"line":35,"column":12}},"loc":{"start":{"line":35,"column":30},"end":{"line":38,"column":2}},"line":35},"5":{"name":"(anonymous_5)","decl":{"start":{"line":41,"column":24},"end":{"line":41,"column":25}},"loc":{"start":{"line":41,"column":43},"end":{"line":48,"column":1}},"line":41}},"branchMap":{"0":{"loc":{"start":{"line":19,"column":1},"end":{"line":28,"column":2}},"type":"if","locations":[{"start":{"line":19,"column":1},"end":{"line":28,"column":2}},{"start":{"line":19,"column":1},"end":{"line":28,"column":2}}],"line":19},"1":{"loc":{"start":{"line":20,"column":2},"end":{"line":22,"column":32}},"type":"binary-expr","locations":[{"start":{"line":20,"column":2},"end":{"line":20,"column":31}},{"start":{"line":21,"column":2},"end":{"line":21,"column":31}},{"start":{"line":22,"column":2},"end":{"line":22,"column":32}}],"line":20},"2":{"loc":{"start":{"line":42,"column":1},"end":{"line":47,"column":2}},"type":"if","locations":[{"start":{"line":42,"column":1},"end":{"line":47,"column":2}},{"start":{"line":42,"column":1},"end":{"line":47,"column":2}}],"line":42}},"s":{"0":1,"1":1,"2":1,"3":1,"4":1,"5":1,"6":0,"7":0,"8":1,"9":0,"10":0,"11":0,"12":0,"13":1,"14":0,"15":0,"16":0,"17":1,"18":0,"19":0,"20":0,"21":0,"22":1,"23":1,"24":1,"25":1,"26":1,"27":1,"28":1,"29":1,"30":1,"31":1},"f":{"0":0,"1":0,"2":0,"3":0,"4":0,"5":0},"b":{"0":[0,0],"1":[0,0,0],"2":[0,0]},"_coverageSchema":"1a1c01bbd47fc00a2c39e90264f33305004495a9","hash":"7f30e52324d31a9e83012bc61c1ab9a92de05c31"}
,"K:\\coding\\Avinya\\Backend\\tests\\db.js": {"path":"K:\\coding\\Avinya\\Backend\\tests\\db.js","statementMap":{"0":{"start":{"line":2,"column":17},"end":{"line":2,"column":36}},"1":{"start":{"line":3,"column":30},"end":{"line":3,"column":62}},"2":{"start":{"line":5,"column":13},"end":{"line":5,"column":22}},"3":{"start":{"line":15,"column":0},"end":{"line":33,"column":2}},"4":{"start":{"line":16,"column":4},"end":{"line":16,"column":32}},"5":{"start":{"line":18,"column":4},"end":{"line":18,"column":46}},"6":{"start":{"line":19,"column":16},"end":{"line":19,"column":31}},"7":{"start":{"line":21,"column":25},"end":{"line":29,"column":5}},"8":{"start":{"line":31,"column":4},"end":{"line":31,"column":46}},"9":{"start":{"line":32,"column":4},"end":{"line":32,"column":36}},"10":{"start":{"line":38,"column":0},"end":{"line":45,"column":2}},"11":{"start":{"line":39,"column":4},"end":{"line":44,"column":5}},"12":{"start":{"line":41,"column":8},"end":{"line":41,"column":42}},"13":{"start":{"line":42,"column":8},"end":{"line":42,"column":28}},"14":{"start":{"line":43,"column":8},"end":{"line":43,"column":38}},"15":{"start":{"line":49,"column":0},"end":{"line":58,"column":2}},"16":{"start":{"line":50,"column":4},"end":{"line":57,"column":5}},"17":{"start":{"line":51,"column":28},"end":{"line":51,"column":59}},"18":{"start":{"line":53,"column":8},"end":{"line":56,"column":9}},"19":{"start":{"line":54,"column":31},"end":{"line":54,"column":47}},"20":{"start":{"line":55,"column":12},"end":{"line":55,"column":42}}},"fnMap":{"0":{"name":"(anonymous_0)","decl":{"start":{"line":15,"column":25},"end":{"line":15,"column":26}},"loc":{"start":{"line":15,"column":37},"end":{"line":33,"column":1}},"line":15},"1":{"name":"(anonymous_1)","decl":{"start":{"line":38,"column":31},"end":{"line":38,"column":32}},"loc":{"start":{"line":38,"column":43},"end":{"line":45,"column":1}},"line":38},"2":{"name":"(anonymous_2)","decl":{"start":{"line":49,"column":31},"end":{"line":49,"column":32}},"loc":{"start":{"line":49,"column":43},"end":{"line":58,"column":1}},"line":49}},"branchMap":{"0":{"loc":{"start":{"line":39,"column":4},"end":{"line":44,"column":5}},"type":"if","locations":[{"start":{"line":39,"column":4},"end":{"line":44,"column":5}},{"start":{"line":39,"column":4},"end":{"line":44,"column":5}}],"line":39},"1":{"loc":{"start":{"line":50,"column":4},"end":{"line":57,"column":5}},"type":"if","locations":[{"start":{"line":50,"column":4},"end":{"line":57,"column":5}},{"start":{"line":50,"column":4},"end":{"line":57,"column":5}}],"line":50}},"s":{"0":1,"1":1,"2":1,"3":1,"4":1,"5":1,"6":1,"7":1,"8":1,"9":1,"10":1,"11":1,"12":1,"13":1,"14":1,"15":1,"16":1,"17":1,"18":1,"19":3,"20":3},"f":{"0":1,"1":1,"2":1},"b":{"0":[1,0],"1":[1,0]},"_coverageSchema":"1a1c01bbd47fc00a2c39e90264f33305004495a9","hash":"16ec36614a48dda39d8f79345161b347c083c0e1"}
}
